2023-05-14 19:58:29,(2(0)-1684061909:704142),blockDrv.BD_Cycles,256,2
2023-05-14 19:58:28,(2(0)-1684061908:703855),systemResources.CPU_00,19205,0.00 percent
2023-05-14 19:58:28,(2(0)-1684061908:703869),systemResources.CPU_01,19206,0.00 percent
2023-05-14 19:58:28,(2(0)-1684061908:703882),systemResources.CPU_02,19207,1.00 percent
2023-05-14 19:58:28,(2(0)-1684061908:703930),systemResources.CPU_03,19208,0.00 percent
2023-05-14 19:58:28,(2(0)-1684061908:703931),systemResources.CPU,19204,0.25 percent
2023-05-14 19:58:28,(2(0)-1684061908:703937),systemResources.MEMORY_TOTAL,19200,4017156 KB
2023-05-14 19:58:28,(2(0)-1684061908:703937),systemResources.MEMORY_USED,19201,2577272 KB
2023-05-14 19:58:28,(2(0)-1684061908:703943),systemResources.FRAMEWORK_VERSION,19221,v3.2.0
2023-05-14 19:58:28,(2(0)-1684061908:703944),systemResources.PROJECT_VERSION,19222,v3.2.0
2023-05-14 19:58:28,(2(0)-1684061908:703945),rateGroup1Comp.RgMaxTime,512,208 us
2023-05-14 19:58:29,(2(0)-1684061909:704176),rateGroup2Comp.RgMaxTime,768,55 us
2023-05-14 19:58:29,(2(0)-1684061909:704260),systemResources.CPU_00,19205,0.00 percent
2023-05-14 19:58:29,(2(0)-1684061909:704288),systemResources.CPU_01,19206,17.00 percent
2023-05-14 19:58:29,(2(0)-1684061909:704302),systemResources.CPU_02,19207,0.00 percent
2023-05-14 19:58:29,(2(0)-1684061909:704313),systemResources.CPU_03,19208,1.98 percent
2023-05-14 19:58:29,(2(0)-1684061909:704313),systemResources.CPU,19204,4.75 percent
2023-05-14 19:58:29,(2(0)-1684061909:704319),systemResources.MEMORY_TOTAL,19200,4017156 KB
2023-05-14 19:58:29,(2(0)-1684061909:704319),systemResources.MEMORY_USED,19201,2595916 KB
2023-05-14 19:58:29,(2(0)-1684061909:704324),systemResources.FRAMEWORK_VERSION,19221,v3.2.0
2023-05-14 19:58:29,(2(0)-1684061909:704325),systemResources.PROJECT_VERSION,19222,v3.2.0
2023-05-14 19:58:30,(2(0)-1684061910:704897),blockDrv.BD_Cycles,256,3
2023-05-14 19:58:31,(2(0)-1684061911:705164),blockDrv.BD_Cycles,256,4
2023-05-14 19:58:31,(2(0)-1684061911:705280),systemResources.CPU_00,19205,31.63 percent
2023-05-14 19:58:31,(2(0)-1684061911:705296),systemResources.CPU_01,19206,45.83 percent
2023-05-14 19:58:31,(2(0)-1684061911:705308),systemResources.CPU_02,19207,39.18 percent
2023-05-14 19:58:31,(2(0)-1684061911:705319),systemResources.CPU_03,19208,57.73 percent
2023-05-14 19:58:31,(2(0)-1684061911:705319),systemResources.CPU,19204,43.59 percent
2023-05-14 19:58:31,(2(0)-1684061911:705325),systemResources.MEMORY_TOTAL,19200,4017156 KB
2023-05-14 19:58:31,(2(0)-1684061911:705326),systemResources.MEMORY_USED,19201,2751952 KB
2023-05-14 19:58:31,(2(0)-1684061911:705330),systemResources.FRAMEWORK_VERSION,19221,v3.2.0
2023-05-14 19:58:31,(2(0)-1684061911:705330),systemResources.PROJECT_VERSION,19222,v3.2.0
2023-05-14 19:58:31,(2(0)-1684061911:705345),rateGroup2Comp.RgMaxTime,768,198 us
2023-05-14 19:58:31,(2(0)-1684061911:705394),rateGroup3Comp.RgMaxTime,1024,248 us
2023-05-14 19:58:32,(2(0)-1684061912:705467),blockDrv.BD_Cycles,256,5
2023-05-14 19:58:33,(2(0)-1684061913:706262),blockDrv.BD_Cycles,256,6
2023-05-14 19:58:32,(2(0)-1684061912:705544),systemResources.CPU_00,19205,80.61 percent
2023-05-14 19:58:32,(2(0)-1684061912:705557),systemResources.CPU_01,19206,71.00 percent
2023-05-14 19:58:32,(2(0)-1684061912:705568),systemResources.CPU_02,19207,67.71 percent
2023-05-14 19:58:32,(2(0)-1684061912:705579),systemResources.CPU_03,19208,69.57 percent
2023-05-14 19:58:32,(2(0)-1684061912:705579),systemResources.CPU,19204,72.22 percent
2023-05-14 19:58:32,(2(0)-1684061912:705584),systemResources.MEMORY_TOTAL,19200,4017156 KB
2023-05-14 19:58:32,(2(0)-1684061912:705585),systemResources.MEMORY_USED,19201,2949184 KB
2023-05-14 19:58:32,(2(0)-1684061912:705588),systemResources.FRAMEWORK_VERSION,19221,v3.2.0
2023-05-14 19:58:32,(2(0)-1684061912:705589),systemResources.PROJECT_VERSION,19222,v3.2.0
2023-05-14 19:58:33,(2(0)-1684061913:706364),systemResources.CPU_00,19205,9.28 percent
2023-05-14 19:58:33,(2(0)-1684061913:706378),systemResources.CPU_01,19206,15.62 percent
2023-05-14 19:58:33,(2(0)-1684061913:706389),systemResources.CPU_02,19207,19.39 percent
2023-05-14 19:58:33,(2(0)-1684061913:706399),systemResources.CPU_03,19208,10.64 percent
2023-05-14 19:58:33,(2(0)-1684061913:706400),systemResources.CPU,19204,13.73 percent
2023-05-14 19:58:33,(2(0)-1684061913:706405),systemResources.MEMORY_TOTAL,19200,4017156 KB
2023-05-14 19:58:33,(2(0)-1684061913:706406),systemResources.MEMORY_USED,19201,2961940 KB
2023-05-14 19:58:33,(2(0)-1684061913:706410),systemResources.FRAMEWORK_VERSION,19221,v3.2.0
2023-05-14 19:58:33,(2(0)-1684061913:706411),systemResources.PROJECT_VERSION,19222,v3.2.0
2023-05-14 19:58:34,(2(0)-1684061914:706304),blockDrv.BD_Cycles,256,7
2023-05-14 19:58:35,(2(0)-1684061915:706621),blockDrv.BD_Cycles,256,8
2023-05-14 19:58:34,(2(0)-1684061914:706411),systemResources.CPU_00,19205,12.00 percent
2023-05-14 19:58:34,(2(0)-1684061914:706424),systemResources.CPU_01,19206,11.34 percent
2023-05-14 19:58:34,(2(0)-1684061914:706434),systemResources.CPU_02,19207,13.86 percent
2023-05-14 19:58:34,(2(0)-1684061914:706444),systemResources.CPU_03,19208,11.34 percent
2023-05-14 19:58:34,(2(0)-1684061914:706445),systemResources.CPU,19204,12.14 percent
2023-05-14 19:58:34,(2(0)-1684061914:706451),systemResources.MEMORY_TOTAL,19200,4017156 KB
2023-05-14 19:58:34,(2(0)-1684061914:706451),systemResources.MEMORY_USED,19201,2968464 KB
2023-05-14 19:58:34,(2(0)-1684061914:706455),systemResources.FRAMEWORK_VERSION,19221,v3.2.0
2023-05-14 19:58:34,(2(0)-1684061914:706456),systemResources.PROJECT_VERSION,19222,v3.2.0
2023-05-14 19:58:35,(2(0)-1684061915:706749),systemResources.CPU_00,19205,7.14 percent
2023-05-14 19:58:35,(2(0)-1684061915:706763),systemResources.CPU_01,19206,7.07 percent
2023-05-14 19:58:35,(2(0)-1684061915:706775),systemResources.CPU_02,19207,8.00 percent
2023-05-14 19:58:35,(2(0)-1684061915:706786),systemResources.CPU_03,19208,7.14 percent
2023-05-14 19:58:35,(2(0)-1684061915:706786),systemResources.CPU,19204,7.34 percent
2023-05-14 19:58:35,(2(0)-1684061915:706792),systemResources.MEMORY_TOTAL,19200,4017156 KB
2023-05-14 19:58:35,(2(0)-1684061915:706793),systemResources.MEMORY_USED,19201,2970480 KB
2023-05-14 19:58:35,(2(0)-1684061915:706797),systemResources.FRAMEWORK_VERSION,19221,v3.2.0
2023-05-14 19:58:35,(2(0)-1684061915:706798),systemResources.PROJECT_VERSION,19222,v3.2.0
2023-05-14 19:58:36,(2(0)-1684061916:707088),blockDrv.BD_Cycles,256,9
2023-05-14 19:58:37,(2(0)-1684061917:707230),blockDrv.BD_Cycles,256,10
2023-05-14 19:58:36,(2(0)-1684061916:707198),systemResources.CPU_00,19205,22.00 percent
2023-05-14 19:58:36,(2(0)-1684061916:707211),systemResources.CPU_01,19206,18.56 percent
2023-05-14 19:58:36,(2(0)-1684061916:707222),systemResources.CPU_02,19207,21.00 percent
2023-05-14 19:58:36,(2(0)-1684061916:707232),systemResources.CPU_03,19208,17.89 percent
2023-05-14 19:58:36,(2(0)-1684061916:707233),systemResources.CPU,19204,19.86 percent
2023-05-14 19:58:36,(2(0)-1684061916:707238),systemResources.MEMORY_TOTAL,19200,4017156 KB
2023-05-14 19:58:36,(2(0)-1684061916:707239),systemResources.MEMORY_USED,19201,2973504 KB
2023-05-14 19:58:36,(2(0)-1684061916:707243),systemResources.FRAMEWORK_VERSION,19221,v3.2.0
2023-05-14 19:58:36,(2(0)-1684061916:707244),systemResources.PROJECT_VERSION,19222,v3.2.0
2023-05-14 19:58:37,(2(0)-1684061917:707334),systemResources.CPU_00,19205,8.25 percent
2023-05-14 19:58:37,(2(0)-1684061917:707348),systemResources.CPU_01,19206,7.29 percent
2023-05-14 19:58:37,(2(0)-1684061917:707359),systemResources.CPU_02,19207,7.22 percent
2023-05-14 19:58:37,(2(0)-1684061917:707369),systemResources.CPU_03,19208,2.15 percent
2023-05-14 19:58:37,(2(0)-1684061917:707370),systemResources.CPU,19204,6.23 percent
2023-05-14 19:58:37,(2(0)-1684061917:707376),systemResources.MEMORY_TOTAL,19200,4017156 KB
2023-05-14 19:58:37,(2(0)-1684061917:707376),systemResources.MEMORY_USED,19201,2974260 KB
2023-05-14 19:58:37,(2(0)-1684061917:707380),systemResources.FRAMEWORK_VERSION,19221,v3.2.0
2023-05-14 19:58:37,(2(0)-1684061917:707381),systemResources.PROJECT_VERSION,19222,v3.2.0
2023-05-14 19:58:38,(2(0)-1684061918:707889),blockDrv.BD_Cycles,256,11
2023-05-14 19:58:39,(2(0)-1684061919:707967),blockDrv.BD_Cycles,256,12
2023-05-14 19:58:38,(2(0)-1684061918:708009),systemResources.CPU_00,19205,6.25 percent
2023-05-14 19:58:38,(2(0)-1684061918:708024),systemResources.CPU_01,19206,7.00 percent
2023-05-14 19:58:38,(2(0)-1684061918:708036),systemResources.CPU_02,19207,7.14 percent
2023-05-14 19:58:38,(2(0)-1684061918:708048),systemResources.CPU_03,19208,7.22 percent
2023-05-14 19:58:38,(2(0)-1684061918:708048),systemResources.CPU,19204,6.90 percent
2023-05-14 19:58:38,(2(0)-1684061918:708056),systemResources.MEMORY_TOTAL,19200,4017156 KB
2023-05-14 19:58:38,(2(0)-1684061918:708056),systemResources.MEMORY_USED,19201,2979300 KB
2023-05-14 19:58:38,(2(0)-1684061918:708061),systemResources.FRAMEWORK_VERSION,19221,v3.2.0
2023-05-14 19:58:38,(2(0)-1684061918:708062),systemResources.PROJECT_VERSION,19222,v3.2.0
2023-05-14 19:58:38,(2(0)-1684061918:778679),cmdDisp.CommandsDispatched,1280,1
2023-05-14 19:58:39,(2(0)-1684061919:708138),systemResources.CPU_00,19205,13.68 percent
2023-05-14 19:58:39,(2(0)-1684061919:708054),fileUplinkBufferManager.HiBuffs,17410,1
2023-05-14 19:58:39,(2(0)-1684061919:708151),systemResources.CPU_01,19206,13.83 percent
2023-05-14 19:58:39,(2(0)-1684061919:708162),systemResources.CPU_02,19207,22.68 percent
2023-05-14 19:58:39,(2(0)-1684061919:708173),systemResources.CPU_03,19208,12.90 percent
2023-05-14 19:58:39,(2(0)-1684061919:708173),systemResources.CPU,19204,15.77 percent
2023-05-14 19:58:39,(2(0)-1684061919:708180),systemResources.MEMORY_TOTAL,19200,4017156 KB
2023-05-14 19:58:39,(2(0)-1684061919:708180),systemResources.MEMORY_USED,19201,2979300 KB
2023-05-14 19:58:39,(2(0)-1684061919:708185),systemResources.FRAMEWORK_VERSION,19221,v3.2.0
2023-05-14 19:58:39,(2(0)-1684061919:708186),systemResources.PROJECT_VERSION,19222,v3.2.0
2023-05-14 19:58:39,(2(0)-1684061919:708187),rateGroup1Comp.RgMaxTime,512,237 us
2023-05-14 19:58:40,(2(0)-1684061920:708448),blockDrv.BD_Cycles,256,13
2023-05-14 19:58:41,(2(0)-1684061921:708574),blockDrv.BD_Cycles,256,14
2023-05-14 19:58:40,(2(0)-1684061920:708575),systemResources.CPU_00,19205,3.09 percent
2023-05-14 19:58:40,(2(0)-1684061920:708590),systemResources.CPU_01,19206,2.04 percent
2023-05-14 19:58:40,(2(0)-1684061920:708603),systemResources.CPU_02,19207,4.08 percent
2023-05-14 19:58:40,(2(0)-1684061920:708616),systemResources.CPU_03,19208,3.09 percent
2023-05-14 19:58:40,(2(0)-1684061920:708616),systemResources.CPU,19204,3.08 percent
2023-05-14 19:58:40,(2(0)-1684061920:708622),systemResources.MEMORY_TOTAL,19200,4017156 KB
2023-05-14 19:58:40,(2(0)-1684061920:708623),systemResources.MEMORY_USED,19201,2977536 KB
2023-05-14 19:58:40,(2(0)-1684061920:708627),systemResources.FRAMEWORK_VERSION,19221,v3.2.0
2023-05-14 19:58:40,(2(0)-1684061920:708628),systemResources.PROJECT_VERSION,19222,v3.2.0
2023-05-14 19:58:41,(2(0)-1684061921:708671),systemResources.CPU_00,19205,4.08 percent
2023-05-14 19:58:41,(2(0)-1684061921:708684),systemResources.CPU_01,19206,1.03 percent
2023-05-14 19:58:41,(2(0)-1684061921:708694),systemResources.CPU_02,19207,2.04 percent
2023-05-14 19:58:41,(2(0)-1684061921:708706),systemResources.CPU_03,19208,4.04 percent
2023-05-14 19:58:41,(2(0)-1684061921:708706),systemResources.CPU,19204,2.80 percent
2023-05-14 19:58:41,(2(0)-1684061921:708713),systemResources.MEMORY_TOTAL,19200,4017156 KB
2023-05-14 19:58:41,(2(0)-1684061921:708713),systemResources.MEMORY_USED,19201,2960468 KB
2023-05-14 19:58:41,(2(0)-1684061921:708718),systemResources.FRAMEWORK_VERSION,19221,v3.2.0
2023-05-14 19:58:41,(2(0)-1684061921:708719),systemResources.PROJECT_VERSION,19222,v3.2.0
2023-05-14 19:58:42,(2(0)-1684061922:710059),blockDrv.BD_Cycles,256,15
2023-05-14 19:58:43,(2(0)-1684061923:710464),blockDrv.BD_Cycles,256,16
2023-05-14 19:58:42,(2(0)-1684061922:710155),systemResources.CPU_00,19205,11.46 percent
2023-05-14 19:58:42,(2(0)-1684061922:710168),systemResources.CPU_01,19206,13.27 percent
2023-05-14 19:58:42,(2(0)-1684061922:710178),systemResources.CPU_02,19207,15.46 percent
2023-05-14 19:58:42,(2(0)-1684061922:710189),systemResources.CPU_03,19208,9.38 percent
2023-05-14 19:58:42,(2(0)-1684061922:710189),systemResources.CPU,19204,12.39 percent
2023-05-14 19:58:42,(2(0)-1684061922:710195),systemResources.MEMORY_TOTAL,19200,4017156 KB
2023-05-14 19:58:42,(2(0)-1684061922:710195),systemResources.MEMORY_USED,19201,2963236 KB
2023-05-14 19:58:42,(2(0)-1684061922:710199),systemResources.FRAMEWORK_VERSION,19221,v3.2.0
2023-05-14 19:58:42,(2(0)-1684061922:710200),systemResources.PROJECT_VERSION,19222,v3.2.0
2023-05-14 19:58:43,(2(0)-1684061923:710613),systemResources.CPU_00,19205,8.25 percent
2023-05-14 19:58:43,(2(0)-1684061923:710628),systemResources.CPU_01,19206,10.20 percent
2023-05-14 19:58:43,(2(0)-1684061923:710638),systemResources.CPU_02,19207,8.25 percent
2023-05-14 19:58:43,(2(0)-1684061923:710649),systemResources.CPU_03,19208,12.24 percent
2023-05-14 19:58:43,(2(0)-1684061923:710650),systemResources.CPU,19204,9.74 percent
2023-05-14 19:58:43,(2(0)-1684061923:710656),systemResources.MEMORY_TOTAL,19200,4017156 KB
2023-05-14 19:58:43,(2(0)-1684061923:710656),systemResources.MEMORY_USED,19201,2963236 KB
2023-05-14 19:58:43,(2(0)-1684061923:710661),systemResources.FRAMEWORK_VERSION,19221,v3.2.0
2023-05-14 19:58:43,(2(0)-1684061923:710662),systemResources.PROJECT_VERSION,19222,v3.2.0
2023-05-14 19:58:44,(2(0)-1684061924:710714),blockDrv.BD_Cycles,256,17
2023-05-14 19:58:45,(2(0)-1684061925:710806),blockDrv.BD_Cycles,256,18
2023-05-14 19:58:44,(2(0)-1684061924:710845),systemResources.CPU_00,19205,6.19 percent
2023-05-14 19:58:44,(2(0)-1684061924:710859),systemResources.CPU_01,19206,6.06 percent
2023-05-14 19:58:44,(2(0)-1684061924:710870),systemResources.CPU_02,19207,6.12 percent
2023-05-14 19:58:44,(2(0)-1684061924:710880),systemResources.CPU_03,19208,6.32 percent
2023-05-14 19:58:44,(2(0)-1684061924:710881),systemResources.CPU,19204,6.17 percent
2023-05-14 19:58:44,(2(0)-1684061924:710886),systemResources.MEMORY_TOTAL,19200,4017156 KB
2023-05-14 19:58:44,(2(0)-1684061924:710887),systemResources.MEMORY_USED,19201,2963488 KB
2023-05-14 19:58:44,(2(0)-1684061924:710891),systemResources.FRAMEWORK_VERSION,19221,v3.2.0
2023-05-14 19:58:44,(2(0)-1684061924:710892),systemResources.PROJECT_VERSION,19222,v3.2.0
2023-05-14 19:58:45,(2(0)-1684061925:710899),systemResources.CPU_00,19205,6.38 percent
2023-05-14 19:58:45,(2(0)-1684061925:710912),systemResources.CPU_01,19206,10.10 percent
2023-05-14 19:58:45,(2(0)-1684061925:710923),systemResources.CPU_02,19207,9.38 percent
2023-05-14 19:58:45,(2(0)-1684061925:710934),systemResources.CPU_03,19208,4.30 percent
2023-05-14 19:58:45,(2(0)-1684061925:710934),systemResources.CPU,19204,7.54 percent
2023-05-14 19:58:45,(2(0)-1684061925:710940),systemResources.MEMORY_TOTAL,19200,4017156 KB
2023-05-14 19:58:45,(2(0)-1684061925:710940),systemResources.MEMORY_USED,19201,2963740 KB
2023-05-14 19:58:45,(2(0)-1684061925:710944),systemResources.FRAMEWORK_VERSION,19221,v3.2.0
2023-05-14 19:58:45,(2(0)-1684061925:710945),systemResources.PROJECT_VERSION,19222,v3.2.0
2023-05-14 19:58:46,(2(0)-1684061926:711029),blockDrv.BD_Cycles,256,19
2023-05-14 19:58:47,(2(0)-1684061927:711116),blockDrv.BD_Cycles,256,20
2023-05-14 19:58:46,(2(0)-1684061926:711157),systemResources.CPU_00,19205,6.00 percent
2023-05-14 19:58:46,(2(0)-1684061926:711171),systemResources.CPU_01,19206,5.05 percent
2023-05-14 19:58:46,(2(0)-1684061926:711182),systemResources.CPU_02,19207,5.00 percent
2023-05-14 19:58:46,(2(0)-1684061926:711192),systemResources.CPU_03,19208,3.09 percent
2023-05-14 19:58:46,(2(0)-1684061926:711192),systemResources.CPU,19204,4.79 percent
2023-05-14 19:58:46,(2(0)-1684061926:711197),systemResources.MEMORY_TOTAL,19200,4017156 KB
2023-05-14 19:58:46,(2(0)-1684061926:711198),systemResources.MEMORY_USED,19201,2963740 KB
2023-05-14 19:58:46,(2(0)-1684061926:711202),systemResources.FRAMEWORK_VERSION,19221,v3.2.0
2023-05-14 19:58:46,(2(0)-1684061926:711203),systemResources.PROJECT_VERSION,19222,v3.2.0
2023-05-14 19:58:47,(2(0)-1684061927:711218),systemResources.CPU_00,19205,3.09 percent
2023-05-14 19:58:47,(2(0)-1684061927:711231),systemResources.CPU_01,19206,7.07 percent
2023-05-14 19:58:47,(2(0)-1684061927:711241),systemResources.CPU_02,19207,4.04 percent
2023-05-14 19:58:47,(2(0)-1684061927:711252),systemResources.CPU_03,19208,3.09 percent
2023-05-14 19:58:47,(2(0)-1684061927:711252),systemResources.CPU,19204,4.32 percent
2023-05-14 19:58:47,(2(0)-1684061927:711258),systemResources.MEMORY_TOTAL,19200,4017156 KB
2023-05-14 19:58:47,(2(0)-1684061927:711259),systemResources.MEMORY_USED,19201,2963740 KB
2023-05-14 19:58:47,(2(0)-1684061927:711263),systemResources.FRAMEWORK_VERSION,19221,v3.2.0
2023-05-14 19:58:47,(2(0)-1684061927:711264),systemResources.PROJECT_VERSION,19222,v3.2.0
2023-05-14 19:58:48,(2(0)-1684061928:711259),blockDrv.BD_Cycles,256,21
2023-05-14 19:58:49,(2(0)-1684061929:712094),blockDrv.BD_Cycles,256,22
2023-05-14 19:58:48,(2(0)-1684061928:711400),systemResources.CPU_00,19205,5.00 percent
2023-05-14 19:58:48,(2(0)-1684061928:711412),systemResources.CPU_01,19206,2.00 percent
2023-05-14 19:58:48,(2(0)-1684061928:711423),systemResources.CPU_02,19207,2.02 percent
2023-05-14 19:58:48,(2(0)-1684061928:711433),systemResources.CPU_03,19208,3.03 percent
2023-05-14 19:58:48,(2(0)-1684061928:711434),systemResources.CPU,19204,3.01 percent
2023-05-14 19:58:48,(2(0)-1684061928:711439),systemResources.MEMORY_TOTAL,19200,4017156 KB
2023-05-14 19:58:48,(2(0)-1684061928:711439),systemResources.MEMORY_USED,19201,2961032 KB
2023-05-14 19:58:48,(2(0)-1684061928:711444),systemResources.FRAMEWORK_VERSION,19221,v3.2.0
2023-05-14 19:58:48,(2(0)-1684061928:711445),systemResources.PROJECT_VERSION,19222,v3.2.0
2023-05-14 19:58:49,(2(0)-1684061929:712215),systemResources.CPU_00,19205,6.25 percent
2023-05-14 19:58:49,(2(0)-1684061929:712251),systemResources.CPU_01,19206,6.19 percent
2023-05-14 19:58:49,(2(0)-1684061929:712267),systemResources.CPU_02,19207,5.15 percent
2023-05-14 19:58:49,(2(0)-1684061929:712279),systemResources.CPU_03,19208,7.14 percent
2023-05-14 19:58:49,(2(0)-1684061929:712279),systemResources.CPU,19204,6.18 percent
2023-05-14 19:58:49,(2(0)-1684061929:712285),systemResources.MEMORY_TOTAL,19200,4017156 KB
2023-05-14 19:58:49,(2(0)-1684061929:712286),systemResources.MEMORY_USED,19201,2960968 KB
2023-05-14 19:58:49,(2(0)-1684061929:712291),systemResources.FRAMEWORK_VERSION,19221,v3.2.0
2023-05-14 19:58:49,(2(0)-1684061929:712292),systemResources.PROJECT_VERSION,19222,v3.2.0
2023-05-14 19:58:50,(2(0)-1684061930:712572),blockDrv.BD_Cycles,256,23
2023-05-14 19:58:51,(2(0)-1684061931:713005),blockDrv.BD_Cycles,256,24
2023-05-14 19:58:50,(2(0)-1684061930:712681),systemResources.CPU_00,19205,17.71 percent
2023-05-14 19:58:50,(2(0)-1684061930:712694),systemResources.CPU_01,19206,18.37 percent
2023-05-14 19:58:50,(2(0)-1684061930:712704),systemResources.CPU_02,19207,15.79 percent
2023-05-14 19:58:50,(2(0)-1684061930:712716),systemResources.CPU_03,19208,14.29 percent
2023-05-14 19:58:50,(2(0)-1684061930:712716),systemResources.CPU,19204,16.54 percent
2023-05-14 19:58:50,(2(0)-1684061930:712721),systemResources.MEMORY_TOTAL,19200,4017156 KB
2023-05-14 19:58:50,(2(0)-1684061930:712722),systemResources.MEMORY_USED,19201,2961060 KB
2023-05-14 19:58:50,(2(0)-1684061930:712726),systemResources.FRAMEWORK_VERSION,19221,v3.2.0
2023-05-14 19:58:50,(2(0)-1684061930:712727),systemResources.PROJECT_VERSION,19222,v3.2.0
2023-05-14 19:58:51,(2(0)-1684061931:713141),systemResources.CPU_00,19205,11.46 percent
2023-05-14 19:58:51,(2(0)-1684061931:713155),systemResources.CPU_01,19206,10.53 percent
2023-05-14 19:58:51,(2(0)-1684061931:713166),systemResources.CPU_02,19207,11.83 percent
2023-05-14 19:58:51,(2(0)-1684061931:713177),systemResources.CPU_03,19208,11.83 percent
2023-05-14 19:58:51,(2(0)-1684061931:713177),systemResources.CPU,19204,11.41 percent
2023-05-14 19:58:51,(2(0)-1684061931:713183),systemResources.MEMORY_TOTAL,19200,4017156 KB
2023-05-14 19:58:51,(2(0)-1684061931:713184),systemResources.MEMORY_USED,19201,2961428 KB
2023-05-14 19:58:51,(2(0)-1684061931:713189),systemResources.FRAMEWORK_VERSION,19221,v3.2.0
2023-05-14 19:58:51,(2(0)-1684061931:713190),systemResources.PROJECT_VERSION,19222,v3.2.0
2023-05-14 19:58:52,(2(0)-1684061932:713313),blockDrv.BD_Cycles,256,25
2023-05-14 19:58:51,(2(0)-1684061931:792596),cmdDisp.CommandsDispatched,1280,2
2023-05-14 19:58:53,(2(0)-1684061933:713728),blockDrv.BD_Cycles,256,26
2023-05-14 19:58:52,(2(0)-1684061932:713471),systemResources.CPU_00,19205,9.57 percent
2023-05-14 19:58:52,(2(0)-1684061932:713485),systemResources.CPU_01,19206,11.46 percent
2023-05-14 19:58:52,(2(0)-1684061932:713495),systemResources.CPU_02,19207,11.46 percent
2023-05-14 19:58:52,(2(0)-1684061932:713506),systemResources.CPU_03,19208,11.70 percent
2023-05-14 19:58:52,(2(0)-1684061932:713506),systemResources.CPU,19204,11.05 percent
2023-05-14 19:58:52,(2(0)-1684061932:713513),systemResources.MEMORY_TOTAL,19200,4017156 KB
2023-05-14 19:58:52,(2(0)-1684061932:713513),systemResources.MEMORY_USED,19201,2959728 KB
2023-05-14 19:58:52,(2(0)-1684061932:713518),systemResources.FRAMEWORK_VERSION,19221,v3.2.0
2023-05-14 19:58:52,(2(0)-1684061932:713519),systemResources.PROJECT_VERSION,19222,v3.2.0
2023-05-14 19:58:53,(2(0)-1684061933:713929),rateGroup2Comp.RgMaxTime,768,219 us
2023-05-14 19:58:53,(2(0)-1684061933:713854),systemResources.CPU_00,19205,23.96 percent
2023-05-14 19:58:53,(2(0)-1684061933:713868),systemResources.CPU_01,19206,18.68 percent
2023-05-14 19:58:53,(2(0)-1684061933:713879),systemResources.CPU_02,19207,22.11 percent
2023-05-14 19:58:53,(2(0)-1684061933:713889),systemResources.CPU_03,19208,21.05 percent
2023-05-14 19:58:53,(2(0)-1684061933:713890),systemResources.CPU,19204,21.45 percent
2023-05-14 19:58:53,(2(0)-1684061933:713900),systemResources.MEMORY_TOTAL,19200,4017156 KB
2023-05-14 19:58:53,(2(0)-1684061933:713900),systemResources.MEMORY_USED,19201,2943632 KB
2023-05-14 19:58:53,(2(0)-1684061933:713911),systemResources.FRAMEWORK_VERSION,19221,v3.2.0
2023-05-14 19:58:53,(2(0)-1684061933:713912),systemResources.PROJECT_VERSION,19222,v3.2.0
2023-05-14 19:58:54,(2(0)-1684061934:714219),blockDrv.BD_Cycles,256,27
2023-05-14 19:58:55,(2(0)-1684061935:714350),blockDrv.BD_Cycles,256,28
2023-05-14 19:58:54,(2(0)-1684061934:714364),systemResources.CPU_00,19205,15.46 percent
2023-05-14 19:58:54,(2(0)-1684061934:714378),systemResources.CPU_01,19206,15.79 percent
2023-05-14 19:58:54,(2(0)-1684061934:714389),systemResources.CPU_02,19207,15.62 percent
2023-05-14 19:58:54,(2(0)-1684061934:714400),systemResources.CPU_03,19208,14.74 percent
2023-05-14 19:58:54,(2(0)-1684061934:714400),systemResources.CPU,19204,15.40 percent
2023-05-14 19:58:54,(2(0)-1684061934:714406),systemResources.MEMORY_TOTAL,19200,4017156 KB
2023-05-14 19:58:54,(2(0)-1684061934:714407),systemResources.MEMORY_USED,19201,2943632 KB
2023-05-14 19:58:54,(2(0)-1684061934:714412),systemResources.FRAMEWORK_VERSION,19221,v3.2.0
2023-05-14 19:58:54,(2(0)-1684061934:714413),systemResources.PROJECT_VERSION,19222,v3.2.0
2023-05-14 19:58:55,(2(0)-1684061935:714467),systemResources.CPU_00,19205,5.05 percent
2023-05-14 19:58:55,(2(0)-1684061935:714482),systemResources.CPU_01,19206,5.10 percent
2023-05-14 19:58:55,(2(0)-1684061935:714492),systemResources.CPU_02,19207,6.12 percent
2023-05-14 19:58:55,(2(0)-1684061935:714503),systemResources.CPU_03,19208,4.12 percent
2023-05-14 19:58:55,(2(0)-1684061935:714503),systemResources.CPU,19204,5.10 percent
2023-05-14 19:58:55,(2(0)-1684061935:714508),systemResources.MEMORY_TOTAL,19200,4017156 KB
2023-05-14 19:58:55,(2(0)-1684061935:714509),systemResources.MEMORY_USED,19201,2943632 KB
2023-05-14 19:58:55,(2(0)-1684061935:714514),systemResources.FRAMEWORK_VERSION,19221,v3.2.0
2023-05-14 19:58:55,(2(0)-1684061935:714515),systemResources.PROJECT_VERSION,19222,v3.2.0
2023-05-14 19:58:56,(2(0)-1684061936:714554),blockDrv.BD_Cycles,256,29
2023-05-14 19:58:57,(2(0)-1684061937:715171),blockDrv.BD_Cycles,256,30
2023-05-14 19:58:56,(2(0)-1684061936:714737),systemResources.CPU_00,19205,10.20 percent
2023-05-14 19:58:56,(2(0)-1684061936:714753),systemResources.CPU_01,19206,10.20 percent
2023-05-14 19:58:56,(2(0)-1684061936:714766),systemResources.CPU_02,19207,8.33 percent
2023-05-14 19:58:56,(2(0)-1684061936:714778),systemResources.CPU_03,19208,5.56 percent
2023-05-14 19:58:56,(2(0)-1684061936:714779),systemResources.CPU,19204,8.57 percent
2023-05-14 19:58:56,(2(0)-1684061936:714789),systemResources.MEMORY_TOTAL,19200,4017156 KB
2023-05-14 19:58:56,(2(0)-1684061936:714789),systemResources.MEMORY_USED,19201,2943632 KB
2023-05-14 19:58:56,(2(0)-1684061936:714798),systemResources.FRAMEWORK_VERSION,19221,v3.2.0
2023-05-14 19:58:56,(2(0)-1684061936:714799),systemResources.PROJECT_VERSION,19222,v3.2.0
2023-05-14 19:58:56,(2(0)-1684061936:714800),rateGroup1Comp.RgMaxTime,512,266 us
2023-05-14 19:58:57,(2(0)-1684061937:715444),systemResources.CPU_00,19205,17.89 percent
2023-05-14 19:58:57,(2(0)-1684061937:715458),systemResources.CPU_01,19206,21.65 percent
2023-05-14 19:58:57,(2(0)-1684061937:715471),systemResources.CPU_02,19207,19.59 percent
2023-05-14 19:58:57,(2(0)-1684061937:715482),systemResources.CPU_03,19208,21.43 percent
2023-05-14 19:58:57,(2(0)-1684061937:715482),systemResources.CPU,19204,20.14 percent
2023-05-14 19:58:57,(2(0)-1684061937:715490),systemResources.MEMORY_TOTAL,19200,4017156 KB
2023-05-14 19:58:57,(2(0)-1684061937:715490),systemResources.MEMORY_USED,19201,2943632 KB
2023-05-14 19:58:57,(2(0)-1684061937:715496),systemResources.FRAMEWORK_VERSION,19221,v3.2.0
2023-05-14 19:58:57,(2(0)-1684061937:715497),systemResources.PROJECT_VERSION,19222,v3.2.0
2023-05-14 19:58:57,(2(0)-1684061937:715498),rateGroup1Comp.RgMaxTime,512,366 us
2023-05-14 19:58:58,(2(0)-1684061938:715899),blockDrv.BD_Cycles,256,31
2023-05-14 19:58:59,(2(0)-1684061939:716375),blockDrv.BD_Cycles,256,32
2023-05-14 19:58:58,(2(0)-1684061938:716011),systemResources.CPU_00,19205,13.40 percent
2023-05-14 19:58:58,(2(0)-1684061938:716024),systemResources.CPU_01,19206,10.64 percent
2023-05-14 19:58:58,(2(0)-1684061938:716034),systemResources.CPU_02,19207,10.64 percent
2023-05-14 19:58:58,(2(0)-1684061938:716045),systemResources.CPU_03,19208,10.64 percent
2023-05-14 19:58:58,(2(0)-1684061938:716045),systemResources.CPU,19204,11.33 percent
2023-05-14 19:58:58,(2(0)-1684061938:716050),systemResources.MEMORY_TOTAL,19200,4017156 KB
2023-05-14 19:58:58,(2(0)-1684061938:716051),systemResources.MEMORY_USED,19201,2945396 KB
2023-05-14 19:58:58,(2(0)-1684061938:716055),systemResources.FRAMEWORK_VERSION,19221,v3.2.0
2023-05-14 19:58:58,(2(0)-1684061938:716055),systemResources.PROJECT_VERSION,19222,v3.2.0
2023-05-14 19:58:59,(2(0)-1684061939:716525),systemResources.CPU_00,19205,3.03 percent
2023-05-14 19:58:59,(2(0)-1684061939:716539),systemResources.CPU_01,19206,3.03 percent
2023-05-14 19:58:59,(2(0)-1684061939:716550),systemResources.CPU_02,19207,3.09 percent
2023-05-14 19:58:59,(2(0)-1684061939:716560),systemResources.CPU_03,19208,4.12 percent
2023-05-14 19:58:59,(2(0)-1684061939:716561),systemResources.CPU,19204,3.32 percent
2023-05-14 19:58:59,(2(0)-1684061939:716566),systemResources.MEMORY_TOTAL,19200,4017156 KB
2023-05-14 19:58:59,(2(0)-1684061939:716567),systemResources.MEMORY_USED,19201,2945396 KB
2023-05-14 19:58:59,(2(0)-1684061939:716571),systemResources.FRAMEWORK_VERSION,19221,v3.2.0
2023-05-14 19:58:59,(2(0)-1684061939:716572),systemResources.PROJECT_VERSION,19222,v3.2.0
2023-05-14 19:59:00,(2(0)-1684061940:716470),blockDrv.BD_Cycles,256,33
2023-05-14 19:59:01,(2(0)-1684061941:716574),blockDrv.BD_Cycles,256,34
2023-05-14 19:59:00,(2(0)-1684061940:716604),systemResources.CPU_00,19205,11.11 percent
2023-05-14 19:59:00,(2(0)-1684061940:716623),systemResources.CPU_01,19206,8.33 percent
2023-05-14 19:59:00,(2(0)-1684061940:716638),systemResources.CPU_02,19207,12.87 percent
2023-05-14 19:59:00,(2(0)-1684061940:716654),systemResources.CPU_03,19208,9.28 percent
2023-05-14 19:59:00,(2(0)-1684061940:716654),systemResources.CPU,19204,10.40 percent
2023-05-14 19:59:00,(2(0)-1684061940:716663),systemResources.MEMORY_TOTAL,19200,4017156 KB
2023-05-14 19:59:00,(2(0)-1684061940:716663),systemResources.MEMORY_USED,19201,2949120 KB
2023-05-14 19:59:00,(2(0)-1684061940:716670),systemResources.FRAMEWORK_VERSION,19221,v3.2.0
2023-05-14 19:59:00,(2(0)-1684061940:716672),systemResources.PROJECT_VERSION,19222,v3.2.0
2023-05-14 19:59:02,(2(0)-1684061942:717040),systemResources.CPU_00,19205,14.14 percent
2023-05-14 19:59:02,(2(0)-1684061942:717053),systemResources.CPU_01,19206,10.53 percent
2023-05-14 19:59:02,(2(0)-1684061942:717063),systemResources.CPU_02,19207,8.60 percent
2023-05-14 19:59:01,(2(0)-1684061941:716729),systemResources.CPU_03,19208,11.34 percent
2023-05-14 19:59:01,(2(0)-1684061941:716730),systemResources.CPU,19204,12.90 percent
2023-05-14 19:59:01,(2(0)-1684061941:716735),systemResources.MEMORY_TOTAL,19200,4017156 KB
2023-05-14 19:59:01,(2(0)-1684061941:716736),systemResources.MEMORY_USED,19201,2949876 KB
2023-05-14 19:59:01,(2(0)-1684061941:716740),systemResources.FRAMEWORK_VERSION,19221,v3.2.0
2023-05-14 19:59:01,(2(0)-1684061941:716741),systemResources.PROJECT_VERSION,19222,v3.2.0
2023-05-14 19:59:02,(2(0)-1684061942:716934),blockDrv.BD_Cycles,256,35
2023-05-14 19:59:03,(2(0)-1684061943:717341),blockDrv.BD_Cycles,256,36
2023-05-14 19:59:02,(2(0)-1684061942:717074),systemResources.CPU_03,19208,6.52 percent
2023-05-14 19:59:02,(2(0)-1684061942:717075),systemResources.CPU,19204,9.95 percent
2023-05-14 19:59:02,(2(0)-1684061942:717081),systemResources.MEMORY_TOTAL,19200,4017156 KB
2023-05-14 19:59:02,(2(0)-1684061942:717081),systemResources.MEMORY_USED,19201,2949492 KB
2023-05-14 19:59:02,(2(0)-1684061942:717086),systemResources.FRAMEWORK_VERSION,19221,v3.2.0
2023-05-14 19:59:02,(2(0)-1684061942:717086),systemResources.PROJECT_VERSION,19222,v3.2.0
2023-05-14 19:59:03,(2(0)-1684061943:717439),systemResources.CPU_00,19205,5.15 percent
2023-05-14 19:59:03,(2(0)-1684061943:717453),systemResources.CPU_01,19206,5.21 percent
2023-05-14 19:59:03,(2(0)-1684061943:717464),systemResources.CPU_02,19207,7.22 percent
2023-05-14 19:59:03,(2(0)-1684061943:717475),systemResources.CPU_03,19208,4.26 percent
2023-05-14 19:59:03,(2(0)-1684061943:717476),systemResources.CPU,19204,5.46 percent
2023-05-14 19:59:03,(2(0)-1684061943:717481),systemResources.MEMORY_TOTAL,19200,4017156 KB
2023-05-14 19:59:03,(2(0)-1684061943:717482),systemResources.MEMORY_USED,19201,2949372 KB
2023-05-14 19:59:03,(2(0)-1684061943:717486),systemResources.FRAMEWORK_VERSION,19221,v3.2.0
2023-05-14 19:59:03,(2(0)-1684061943:717487),systemResources.PROJECT_VERSION,19222,v3.2.0
2023-05-14 19:59:04,(2(0)-1684061944:717406),blockDrv.BD_Cycles,256,37
2023-05-14 19:59:05,(2(0)-1684061945:717480),blockDrv.BD_Cycles,256,38
2023-05-14 19:59:04,(2(0)-1684061944:717514),systemResources.CPU_00,19205,7.14 percent
2023-05-14 19:59:04,(2(0)-1684061944:717527),systemResources.CPU_01,19206,5.10 percent
2023-05-14 19:59:04,(2(0)-1684061944:717538),systemResources.CPU_02,19207,7.14 percent
2023-05-14 19:59:04,(2(0)-1684061944:717549),systemResources.CPU_03,19208,6.19 percent
2023-05-14 19:59:04,(2(0)-1684061944:717549),systemResources.CPU,19204,6.39 percent
2023-05-14 19:59:04,(2(0)-1684061944:717555),systemResources.MEMORY_TOTAL,19200,4017156 KB
2023-05-14 19:59:04,(2(0)-1684061944:717555),systemResources.MEMORY_USED,19201,2954160 KB
2023-05-14 19:59:04,(2(0)-1684061944:717560),systemResources.FRAMEWORK_VERSION,19221,v3.2.0
2023-05-14 19:59:04,(2(0)-1684061944:717561),systemResources.PROJECT_VERSION,19222,v3.2.0
2023-05-14 19:59:05,(2(0)-1684061945:717599),systemResources.CPU_00,19205,5.15 percent
2023-05-14 19:59:05,(2(0)-1684061945:717612),systemResources.CPU_01,19206,5.15 percent
2023-05-14 19:59:05,(2(0)-1684061945:717622),systemResources.CPU_02,19207,7.14 percent
2023-05-14 19:59:05,(2(0)-1684061945:717633),systemResources.CPU_03,19208,7.22 percent
2023-05-14 19:59:05,(2(0)-1684061945:717634),systemResources.CPU,19204,6.17 percent
2023-05-14 19:59:05,(2(0)-1684061945:717640),systemResources.MEMORY_TOTAL,19200,4017156 KB
2023-05-14 19:59:05,(2(0)-1684061945:717640),systemResources.MEMORY_USED,19201,2936496 KB
2023-05-14 19:59:05,(2(0)-1684061945:717645),systemResources.FRAMEWORK_VERSION,19221,v3.2.0
2023-05-14 19:59:05,(2(0)-1684061945:717645),systemResources.PROJECT_VERSION,19222,v3.2.0
2023-05-14 19:59:06,(2(0)-1684061946:718390),blockDrv.BD_Cycles,256,39
2023-05-14 19:59:07,(2(0)-1684061947:718902),blockDrv.BD_Cycles,256,40
2023-05-14 19:59:06,(2(0)-1684061946:718522),systemResources.CPU_00,19205,5.10 percent
2023-05-14 19:59:06,(2(0)-1684061946:718536),systemResources.CPU_01,19206,4.08 percent
2023-05-14 19:59:06,(2(0)-1684061946:718547),systemResources.CPU_02,19207,5.10 percent
2023-05-14 19:59:06,(2(0)-1684061946:718558),systemResources.CPU_03,19208,6.12 percent
2023-05-14 19:59:06,(2(0)-1684061946:718559),systemResources.CPU,19204,5.10 percent
2023-05-14 19:59:06,(2(0)-1684061946:718564),systemResources.MEMORY_TOTAL,19200,4017156 KB
2023-05-14 19:59:06,(2(0)-1684061946:718564),systemResources.MEMORY_USED,19201,2937740 KB
2023-05-14 19:59:06,(2(0)-1684061946:718569),systemResources.FRAMEWORK_VERSION,19221,v3.2.0
2023-05-14 19:59:06,(2(0)-1684061946:718570),systemResources.PROJECT_VERSION,19222,v3.2.0
2023-05-14 19:59:07,(2(0)-1684061947:719023),systemResources.CPU_00,19205,14.29 percent
2023-05-14 19:59:07,(2(0)-1684061947:719037),systemResources.CPU_01,19206,12.50 percent
2023-05-14 19:59:07,(2(0)-1684061947:719049),systemResources.CPU_02,19207,11.58 percent
2023-05-14 19:59:07,(2(0)-1684061947:719061),systemResources.CPU_03,19208,11.70 percent
2023-05-14 19:59:07,(2(0)-1684061947:719061),systemResources.CPU,19204,12.52 percent
2023-05-14 19:59:07,(2(0)-1684061947:719067),systemResources.MEMORY_TOTAL,19200,4017156 KB
2023-05-14 19:59:07,(2(0)-1684061947:719067),systemResources.MEMORY_USED,19201,2938480 KB
2023-05-14 19:59:07,(2(0)-1684061947:719072),systemResources.FRAMEWORK_VERSION,19221,v3.2.0
2023-05-14 19:59:07,(2(0)-1684061947:719073),systemResources.PROJECT_VERSION,19222,v3.2.0
2023-05-14 19:59:08,(2(0)-1684061948:719405),blockDrv.BD_Cycles,256,41
2023-05-14 19:59:09,(2(0)-1684061949:719557),blockDrv.BD_Cycles,256,42
2023-05-14 19:59:08,(2(0)-1684061948:719514),systemResources.CPU_00,19205,8.16 percent
2023-05-14 19:59:08,(2(0)-1684061948:719527),systemResources.CPU_01,19206,5.15 percent
2023-05-14 19:59:08,(2(0)-1684061948:719538),systemResources.CPU_02,19207,8.00 percent
2023-05-14 19:59:08,(2(0)-1684061948:719549),systemResources.CPU_03,19208,7.22 percent
2023-05-14 19:59:08,(2(0)-1684061948:719550),systemResources.CPU,19204,7.13 percent
2023-05-14 19:59:08,(2(0)-1684061948:719555),systemResources.MEMORY_TOTAL,19200,4017156 KB
2023-05-14 19:59:08,(2(0)-1684061948:719555),systemResources.MEMORY_USED,19201,2938732 KB
2023-05-14 19:59:08,(2(0)-1684061948:719560),systemResources.FRAMEWORK_VERSION,19221,v3.2.0
2023-05-14 19:59:08,(2(0)-1684061948:719561),systemResources.PROJECT_VERSION,19222,v3.2.0
2023-05-14 19:59:09,(2(0)-1684061949:96748),cmdDisp.CommandsDispatched,1280,3
2023-05-14 19:59:09,(2(0)-1684061949:719656),systemResources.CPU_00,19205,17.17 percent
2023-05-14 19:59:09,(2(0)-1684061949:719670),systemResources.CPU_01,19206,15.62 percent
2023-05-14 19:59:09,(2(0)-1684061949:719680),systemResources.CPU_02,19207,20.20 percent
2023-05-14 19:59:09,(2(0)-1684061949:719691),systemResources.CPU_03,19208,18.95 percent
2023-05-14 19:59:09,(2(0)-1684061949:719692),systemResources.CPU,19204,17.99 percent
2023-05-14 19:59:09,(2(0)-1684061949:719697),systemResources.MEMORY_TOTAL,19200,4017156 KB
2023-05-14 19:59:09,(2(0)-1684061949:719698),systemResources.MEMORY_USED,19201,2938732 KB
2023-05-14 19:59:09,(2(0)-1684061949:719702),systemResources.FRAMEWORK_VERSION,19221,v3.2.0
2023-05-14 19:59:09,(2(0)-1684061949:719702),systemResources.PROJECT_VERSION,19222,v3.2.0
2023-05-14 19:59:10,(2(0)-1684061950:719938),blockDrv.BD_Cycles,256,43
2023-05-14 19:59:11,(2(0)-1684061951:720082),blockDrv.BD_Cycles,256,44
2023-05-14 19:59:11,(2(0)-1684061951:720201),systemResources.CPU_00,19205,22.83 percent
2023-05-14 19:59:11,(2(0)-1684061951:720217),systemResources.CPU_01,19206,28.87 percent
2023-05-14 19:59:10,(2(0)-1684061950:720066),systemResources.CPU_02,19207,6.32 percent
2023-05-14 19:59:10,(2(0)-1684061950:720077),systemResources.CPU_03,19208,7.22 percent
2023-05-14 19:59:10,(2(0)-1684061950:720077),systemResources.CPU,19204,7.66 percent
2023-05-14 19:59:10,(2(0)-1684061950:720083),systemResources.MEMORY_TOTAL,19200,4017156 KB
2023-05-14 19:59:10,(2(0)-1684061950:720084),systemResources.MEMORY_USED,19201,2938984 KB
2023-05-14 19:59:10,(2(0)-1684061950:720088),systemResources.FRAMEWORK_VERSION,19221,v3.2.0
2023-05-14 19:59:10,(2(0)-1684061950:720089),systemResources.PROJECT_VERSION,19222,v3.2.0
2023-05-14 19:59:11,(2(0)-1684061951:720228),systemResources.CPU_02,19207,23.40 percent
2023-05-14 19:59:11,(2(0)-1684061951:720240),systemResources.CPU_03,19208,22.34 percent
2023-05-14 19:59:11,(2(0)-1684061951:720241),systemResources.CPU,19204,24.36 percent
2023-05-14 19:59:11,(2(0)-1684061951:720248),systemResources.MEMORY_TOTAL,19200,4017156 KB
2023-05-14 19:59:11,(2(0)-1684061951:720248),systemResources.MEMORY_USED,19201,2942232 KB
2023-05-14 19:59:11,(2(0)-1684061951:720254),systemResources.FRAMEWORK_VERSION,19221,v3.2.0
2023-05-14 19:59:11,(2(0)-1684061951:720255),systemResources.PROJECT_VERSION,19222,v3.2.0
2023-05-14 19:59:12,(2(0)-1684061952:720347),blockDrv.BD_Cycles,256,45
2023-05-14 19:59:13,(2(0)-1684061953:720472),blockDrv.BD_Cycles,256,46
2023-05-14 19:59:12,(2(0)-1684061952:720456),systemResources.CPU_00,19205,2.00 percent
2023-05-14 19:59:12,(2(0)-1684061952:720469),systemResources.CPU_01,19206,3.00 percent
2023-05-14 19:59:12,(2(0)-1684061952:720480),systemResources.CPU_02,19207,3.00 percent
2023-05-14 19:59:12,(2(0)-1684061952:720490),systemResources.CPU_03,19208,3.06 percent
2023-05-14 19:59:12,(2(0)-1684061952:720490),systemResources.CPU,19204,2.77 percent
2023-05-14 19:59:12,(2(0)-1684061952:720496),systemResources.MEMORY_TOTAL,19200,4017156 KB
2023-05-14 19:59:12,(2(0)-1684061952:720496),systemResources.MEMORY_USED,19201,2942232 KB
2023-05-14 19:59:12,(2(0)-1684061952:720500),systemResources.FRAMEWORK_VERSION,19221,v3.2.0
2023-05-14 19:59:12,(2(0)-1684061952:720501),systemResources.PROJECT_VERSION,19222,v3.2.0
2023-05-14 19:59:13,(2(0)-1684061953:720663),systemResources.CPU_00,19205,23.66 percent
2023-05-14 19:59:13,(2(0)-1684061953:720678),systemResources.CPU_01,19206,23.96 percent
2023-05-14 19:59:13,(2(0)-1684061953:720689),systemResources.CPU_02,19207,23.96 percent
2023-05-14 19:59:13,(2(0)-1684061953:720701),systemResources.CPU_03,19208,17.39 percent
2023-05-14 19:59:13,(2(0)-1684061953:720701),systemResources.CPU,19204,22.24 percent
2023-05-14 19:59:13,(2(0)-1684061953:720709),systemResources.MEMORY_TOTAL,19200,4017156 KB
2023-05-14 19:59:13,(2(0)-1684061953:720710),systemResources.MEMORY_USED,19201,2945508 KB
2023-05-14 19:59:13,(2(0)-1684061953:720717),systemResources.FRAMEWORK_VERSION,19221,v3.2.0
2023-05-14 19:59:13,(2(0)-1684061953:720718),systemResources.PROJECT_VERSION,19222,v3.2.0
2023-05-14 19:59:14,(2(0)-1684061954:720550),blockDrv.BD_Cycles,256,47
2023-05-14 19:59:15,(2(0)-1684061955:720624),blockDrv.BD_Cycles,256,48
2023-05-14 19:59:14,(2(0)-1684061954:720655),systemResources.CPU_00,19205,19.39 percent
2023-05-14 19:59:14,(2(0)-1684061954:720668),systemResources.CPU_01,19206,17.02 percent
2023-05-14 19:59:14,(2(0)-1684061954:720679),systemResources.CPU_02,19207,16.49 percent
2023-05-14 19:59:14,(2(0)-1684061954:720691),systemResources.CPU_03,19208,19.59 percent
2023-05-14 19:59:14,(2(0)-1684061954:720691),systemResources.CPU,19204,18.12 percent
2023-05-14 19:59:14,(2(0)-1684061954:720698),systemResources.MEMORY_TOTAL,19200,4017156 KB
2023-05-14 19:59:14,(2(0)-1684061954:720699),systemResources.MEMORY_USED,19201,2946012 KB
2023-05-14 19:59:14,(2(0)-1684061954:720704),systemResources.FRAMEWORK_VERSION,19221,v3.2.0
2023-05-14 19:59:14,(2(0)-1684061954:720704),systemResources.PROJECT_VERSION,19222,v3.2.0
2023-05-14 19:59:15,(2(0)-1684061955:720746),systemResources.CPU_00,19205,5.10 percent
2023-05-14 19:59:15,(2(0)-1684061955:720761),systemResources.CPU_01,19206,4.08 percent
2023-05-14 19:59:15,(2(0)-1684061955:720793),systemResources.CPU_02,19207,3.09 percent
2023-05-14 19:59:15,(2(0)-1684061955:720810),systemResources.CPU_03,19208,3.06 percent
2023-05-14 19:59:15,(2(0)-1684061955:720811),systemResources.CPU,19204,3.83 percent
2023-05-14 19:59:15,(2(0)-1684061955:720816),systemResources.MEMORY_TOTAL,19200,4017156 KB
2023-05-14 19:59:15,(2(0)-1684061955:720817),systemResources.MEMORY_USED,19201,2946012 KB
2023-05-14 19:59:15,(2(0)-1684061955:720821),systemResources.FRAMEWORK_VERSION,19221,v3.2.0
2023-05-14 19:59:15,(2(0)-1684061955:720822),systemResources.PROJECT_VERSION,19222,v3.2.0
2023-05-14 19:59:16,(2(0)-1684061956:721350),blockDrv.BD_Cycles,256,49
2023-05-14 19:59:17,(2(0)-1684061957:721902),blockDrv.BD_Cycles,256,50
2023-05-14 19:59:16,(2(0)-1684061956:721508),systemResources.CPU_00,19205,13.40 percent
2023-05-14 19:59:16,(2(0)-1684061956:721526),systemResources.CPU_01,19206,14.29 percent
2023-05-14 19:59:16,(2(0)-1684061956:721543),systemResources.CPU_02,19207,14.43 percent
2023-05-14 19:59:16,(2(0)-1684061956:721558),systemResources.CPU_03,19208,13.27 percent
2023-05-14 19:59:16,(2(0)-1684061956:721558),systemResources.CPU,19204,13.85 percent
2023-05-14 19:59:16,(2(0)-1684061956:721565),systemResources.MEMORY_TOTAL,19200,4017156 KB
2023-05-14 19:59:16,(2(0)-1684061956:721566),systemResources.MEMORY_USED,19201,2946012 KB
2023-05-14 19:59:16,(2(0)-1684061956:721573),systemResources.FRAMEWORK_VERSION,19221,v3.2.0
2023-05-14 19:59:16,(2(0)-1684061956:721575),systemResources.PROJECT_VERSION,19222,v3.2.0
2023-05-14 19:59:17,(2(0)-1684061957:722023),systemResources.CPU_00,19205,10.00 percent
2023-05-14 19:59:17,(2(0)-1684061957:722036),systemResources.CPU_01,19206,11.22 percent
2023-05-14 19:59:17,(2(0)-1684061957:722046),systemResources.CPU_02,19207,13.86 percent
2023-05-14 19:59:17,(2(0)-1684061957:722057),systemResources.CPU_03,19208,10.10 percent
2023-05-14 19:59:17,(2(0)-1684061957:722057),systemResources.CPU,19204,11.30 percent
2023-05-14 19:59:17,(2(0)-1684061957:722063),systemResources.MEMORY_TOTAL,19200,4017156 KB
2023-05-14 19:59:17,(2(0)-1684061957:722063),systemResources.MEMORY_USED,19201,2946236 KB
2023-05-14 19:59:17,(2(0)-1684061957:722068),systemResources.FRAMEWORK_VERSION,19221,v3.2.0
2023-05-14 19:59:17,(2(0)-1684061957:722068),systemResources.PROJECT_VERSION,19222,v3.2.0
2023-05-14 19:59:18,(2(0)-1684061958:722190),blockDrv.BD_Cycles,256,51
2023-05-14 19:59:19,(2(0)-1684061959:723235),blockDrv.BD_Cycles,256,52
2023-05-14 19:59:18,(2(0)-1684061958:722313),systemResources.CPU_00,19205,10.53 percent
2023-05-14 19:59:18,(2(0)-1684061958:722326),systemResources.CPU_01,19206,13.40 percent
2023-05-14 19:59:18,(2(0)-1684061958:722337),systemResources.CPU_02,19207,8.33 percent
2023-05-14 19:59:18,(2(0)-1684061958:722348),systemResources.CPU_03,19208,11.46 percent
2023-05-14 19:59:18,(2(0)-1684061958:722348),systemResources.CPU,19204,10.93 percent
2023-05-14 19:59:18,(2(0)-1684061958:722354),systemResources.MEMORY_TOTAL,19200,4017156 KB
2023-05-14 19:59:18,(2(0)-1684061958:722354),systemResources.MEMORY_USED,19201,2946460 KB
2023-05-14 19:59:18,(2(0)-1684061958:722358),systemResources.FRAMEWORK_VERSION,19221,v3.2.0
2023-05-14 19:59:18,(2(0)-1684061958:722359),systemResources.PROJECT_VERSION,19222,v3.2.0
2023-05-14 19:59:19,(2(0)-1684061959:723349),systemResources.CPU_00,19205,10.89 percent
2023-05-14 19:59:19,(2(0)-1684061959:723363),systemResources.CPU_01,19206,11.00 percent
2023-05-14 19:59:19,(2(0)-1684061959:723373),systemResources.CPU_02,19207,9.28 percent
2023-05-14 19:59:19,(2(0)-1684061959:723384),systemResources.CPU_03,19208,10.10 percent
2023-05-14 19:59:19,(2(0)-1684061959:723384),systemResources.CPU,19204,10.32 percent
2023-05-14 19:59:19,(2(0)-1684061959:723390),systemResources.MEMORY_TOTAL,19200,4017156 KB
2023-05-14 19:59:19,(2(0)-1684061959:723391),systemResources.MEMORY_USED,19201,2946936 KB
2023-05-14 19:59:19,(2(0)-1684061959:723395),systemResources.FRAMEWORK_VERSION,19221,v3.2.0
2023-05-14 19:59:19,(2(0)-1684061959:723396),systemResources.PROJECT_VERSION,19222,v3.2.0
2023-05-14 19:59:20,(2(0)-1684061960:723592),blockDrv.BD_Cycles,256,53
2023-05-14 19:59:21,(2(0)-1684061961:724090),blockDrv.BD_Cycles,256,54
2023-05-14 19:59:20,(2(0)-1684061960:723750),systemResources.CPU_00,19205,7.14 percent
2023-05-14 19:59:20,(2(0)-1684061960:723767),systemResources.CPU_01,19206,5.05 percent
2023-05-14 19:59:20,(2(0)-1684061960:723797),systemResources.CPU_02,19207,7.92 percent
2023-05-14 19:59:20,(2(0)-1684061960:723823),systemResources.CPU_03,19208,7.07 percent
2023-05-14 19:59:20,(2(0)-1684061960:723824),systemResources.CPU,19204,6.80 percent
2023-05-14 19:59:20,(2(0)-1684061960:723830),systemResources.MEMORY_TOTAL,19200,4017156 KB
2023-05-14 19:59:20,(2(0)-1684061960:723830),systemResources.MEMORY_USED,19201,2947384 KB
2023-05-14 19:59:20,(2(0)-1684061960:723835),systemResources.FRAMEWORK_VERSION,19221,v3.2.0
2023-05-14 19:59:20,(2(0)-1684061960:723836),systemResources.PROJECT_VERSION,19222,v3.2.0
2023-05-14 19:59:21,(2(0)-1684061961:724189),systemResources.CPU_00,19205,1.02 percent
2023-05-14 19:59:21,(2(0)-1684061961:724203),systemResources.CPU_01,19206,3.00 percent
2023-05-14 19:59:21,(2(0)-1684061961:724213),systemResources.CPU_02,19207,1.01 percent
2023-05-14 19:59:21,(2(0)-1684061961:724223),systemResources.CPU_03,19208,2.02 percent
2023-05-14 19:59:21,(2(0)-1684061961:724224),systemResources.CPU,19204,1.76 percent
2023-05-14 19:59:21,(2(0)-1684061961:724229),systemResources.MEMORY_TOTAL,19200,4017156 KB
2023-05-14 19:59:21,(2(0)-1684061961:724229),systemResources.MEMORY_USED,19201,2947608 KB
2023-05-14 19:59:21,(2(0)-1684061961:724233),systemResources.FRAMEWORK_VERSION,19221,v3.2.0
2023-05-14 19:59:21,(2(0)-1684061961:724234),systemResources.PROJECT_VERSION,19222,v3.2.0
2023-05-14 19:59:22,(2(0)-1684061962:724668),blockDrv.BD_Cycles,256,55
2023-05-14 19:59:23,(2(0)-1684061963:725254),blockDrv.BD_Cycles,256,56
2023-05-14 19:59:22,(2(0)-1684061962:724766),systemResources.CPU_00,19205,5.15 percent
2023-05-14 19:59:22,(2(0)-1684061962:724778),systemResources.CPU_01,19206,8.08 percent
2023-05-14 19:59:22,(2(0)-1684061962:724789),systemResources.CPU_02,19207,6.12 percent
2023-05-14 19:59:22,(2(0)-1684061962:724799),systemResources.CPU_03,19208,6.19 percent
2023-05-14 19:59:22,(2(0)-1684061962:724800),systemResources.CPU,19204,6.39 percent
2023-05-14 19:59:22,(2(0)-1684061962:724806),systemResources.MEMORY_TOTAL,19200,4017156 KB
2023-05-14 19:59:22,(2(0)-1684061962:724806),systemResources.MEMORY_USED,19201,2947608 KB
2023-05-14 19:59:22,(2(0)-1684061962:724810),systemResources.FRAMEWORK_VERSION,19221,v3.2.0
2023-05-14 19:59:22,(2(0)-1684061962:724811),systemResources.PROJECT_VERSION,19222,v3.2.0
2023-05-14 19:59:23,(2(0)-1684061963:725375),systemResources.CPU_00,19205,6.12 percent
2023-05-14 19:59:23,(2(0)-1684061963:725388),systemResources.CPU_01,19206,7.14 percent
2023-05-14 19:59:23,(2(0)-1684061963:725398),systemResources.CPU_02,19207,8.16 percent
2023-05-14 19:59:23,(2(0)-1684061963:725410),systemResources.CPU_03,19208,7.14 percent
2023-05-14 19:59:23,(2(0)-1684061963:725410),systemResources.CPU,19204,7.14 percent
2023-05-14 19:59:23,(2(0)-1684061963:725415),systemResources.MEMORY_TOTAL,19200,4017156 KB
2023-05-14 19:59:23,(2(0)-1684061963:725416),systemResources.MEMORY_USED,19201,2947608 KB
2023-05-14 19:59:23,(2(0)-1684061963:725420),systemResources.FRAMEWORK_VERSION,19221,v3.2.0
2023-05-14 19:59:23,(2(0)-1684061963:725421),systemResources.PROJECT_VERSION,19222,v3.2.0
2023-05-14 19:59:24,(2(0)-1684061964:725333),blockDrv.BD_Cycles,256,57
2023-05-14 19:59:25,(2(0)-1684061965:725412),blockDrv.BD_Cycles,256,58
2023-05-14 19:59:24,(2(0)-1684061964:725444),systemResources.CPU_00,19205,18.56 percent
2023-05-14 19:59:24,(2(0)-1684061964:725457),systemResources.CPU_01,19206,15.62 percent
2023-05-14 19:59:24,(2(0)-1684061964:725467),systemResources.CPU_02,19207,20.20 percent
2023-05-14 19:59:24,(2(0)-1684061964:725479),systemResources.CPU_03,19208,18.56 percent
2023-05-14 19:59:24,(2(0)-1684061964:725479),systemResources.CPU,19204,18.24 percent
2023-05-14 19:59:24,(2(0)-1684061964:725485),systemResources.MEMORY_TOTAL,19200,4017156 KB
2023-05-14 19:59:24,(2(0)-1684061964:725485),systemResources.MEMORY_USED,19201,2947608 KB
2023-05-14 19:59:24,(2(0)-1684061964:725490),systemResources.FRAMEWORK_VERSION,19221,v3.2.0
2023-05-14 19:59:24,(2(0)-1684061964:725490),systemResources.PROJECT_VERSION,19222,v3.2.0
2023-05-14 19:59:25,(2(0)-1684061965:725505),systemResources.CPU_00,19205,16.33 percent
2023-05-14 19:59:25,(2(0)-1684061965:725519),systemResources.CPU_01,19206,15.46 percent
2023-05-14 19:59:25,(2(0)-1684061965:725531),systemResources.CPU_02,19207,13.68 percent
2023-05-14 19:59:25,(2(0)-1684061965:725542),systemResources.CPU_03,19208,17.35 percent
2023-05-14 19:59:25,(2(0)-1684061965:725542),systemResources.CPU,19204,15.71 percent
2023-05-14 19:59:25,(2(0)-1684061965:725549),systemResources.MEMORY_TOTAL,19200,4017156 KB
2023-05-14 19:59:25,(2(0)-1684061965:725549),systemResources.MEMORY_USED,19201,2947848 KB
2023-05-14 19:59:25,(2(0)-1684061965:725554),systemResources.FRAMEWORK_VERSION,19221,v3.2.0
2023-05-14 19:59:25,(2(0)-1684061965:725555),systemResources.PROJECT_VERSION,19222,v3.2.0
2023-05-14 19:59:26,(2(0)-1684061966:725650),blockDrv.BD_Cycles,256,59
2023-05-14 19:59:27,(2(0)-1684061967:726037),blockDrv.BD_Cycles,256,60
2023-05-14 19:59:26,(2(0)-1684061966:725769),systemResources.CPU_00,19205,4.00 percent
2023-05-14 19:59:26,(2(0)-1684061966:725786),systemResources.CPU_01,19206,3.03 percent
2023-05-14 19:59:26,(2(0)-1684061966:725797),systemResources.CPU_02,19207,2.06 percent
2023-05-14 19:59:26,(2(0)-1684061966:725807),systemResources.CPU_03,19208,2.06 percent
2023-05-14 19:59:26,(2(0)-1684061966:725808),systemResources.CPU,19204,2.79 percent
2023-05-14 19:59:26,(2(0)-1684061966:725813),systemResources.MEMORY_TOTAL,19200,4017156 KB
2023-05-14 19:59:26,(2(0)-1684061966:725813),systemResources.MEMORY_USED,19201,2947848 KB
2023-05-14 19:59:26,(2(0)-1684061966:725817),systemResources.FRAMEWORK_VERSION,19221,v3.2.0
2023-05-14 19:59:26,(2(0)-1684061966:725818),systemResources.PROJECT_VERSION,19222,v3.2.0
2023-05-14 19:59:27,(2(0)-1684061967:726141),systemResources.CPU_00,19205,13.68 percent
2023-05-14 19:59:27,(2(0)-1684061967:726154),systemResources.CPU_01,19206,15.31 percent
2023-05-14 19:59:27,(2(0)-1684061967:726165),systemResources.CPU_02,19207,11.70 percent
2023-05-14 19:59:27,(2(0)-1684061967:726176),systemResources.CPU_03,19208,4.44 percent
2023-05-14 19:59:27,(2(0)-1684061967:726176),systemResources.CPU,19204,11.28 percent
2023-05-14 19:59:27,(2(0)-1684061967:726182),systemResources.MEMORY_TOTAL,19200,4017156 KB
2023-05-14 19:59:27,(2(0)-1684061967:726183),systemResources.MEMORY_USED,19201,2948856 KB
2023-05-14 19:59:27,(2(0)-1684061967:726188),systemResources.FRAMEWORK_VERSION,19221,v3.2.0
2023-05-14 19:59:27,(2(0)-1684061967:726189),systemResources.PROJECT_VERSION,19222,v3.2.0
2023-05-14 19:59:28,(2(0)-1684061968:726109),blockDrv.BD_Cycles,256,61
2023-05-14 19:59:29,(2(0)-1684061969:726416),blockDrv.BD_Cycles,256,62
2023-05-14 19:59:28,(2(0)-1684061968:726222),systemResources.CPU_00,19205,10.64 percent
2023-05-14 19:59:28,(2(0)-1684061968:726235),systemResources.CPU_01,19206,10.53 percent
2023-05-14 19:59:28,(2(0)-1684061968:726246),systemResources.CPU_02,19207,10.53 percent
2023-05-14 19:59:28,(2(0)-1684061968:726256),systemResources.CPU_03,19208,6.52 percent
2023-05-14 19:59:28,(2(0)-1684061968:726257),systemResources.CPU,19204,9.55 percent
2023-05-14 19:59:28,(2(0)-1684061968:726263),systemResources.MEMORY_TOTAL,19200,4017156 KB
2023-05-14 19:59:28,(2(0)-1684061968:726263),systemResources.MEMORY_USED,19201,2949108 KB
2023-05-14 19:59:28,(2(0)-1684061968:726268),systemResources.FRAMEWORK_VERSION,19221,v3.2.0
2023-05-14 19:59:28,(2(0)-1684061968:726268),systemResources.PROJECT_VERSION,19222,v3.2.0
2023-05-14 19:59:29,(2(0)-1684061969:726537),systemResources.CPU_00,19205,13.54 percent
2023-05-14 19:59:29,(2(0)-1684061969:726552),systemResources.CPU_01,19206,14.74 percent
2023-05-14 19:59:29,(2(0)-1684061969:726565),systemResources.CPU_02,19207,18.18 percent
2023-05-14 19:59:29,(2(0)-1684061969:726577),systemResources.CPU_03,19208,15.62 percent
2023-05-14 19:59:29,(2(0)-1684061969:726577),systemResources.CPU,19204,15.52 percent
2023-05-14 19:59:29,(2(0)-1684061969:726583),systemResources.MEMORY_TOTAL,19200,4017156 KB
2023-05-14 19:59:29,(2(0)-1684061969:726583),systemResources.MEMORY_USED,19201,2949332 KB
2023-05-14 19:59:29,(2(0)-1684061969:726588),systemResources.FRAMEWORK_VERSION,19221,v3.2.0
2023-05-14 19:59:29,(2(0)-1684061969:726589),systemResources.PROJECT_VERSION,19222,v3.2.0
2023-05-14 19:59:30,(2(0)-1684061970:727346),blockDrv.BD_Cycles,256,63
2023-05-14 19:59:31,(2(0)-1684061971:727785),blockDrv.BD_Cycles,256,64
2023-05-14 19:59:30,(2(0)-1684061970:727485),systemResources.CPU_00,19205,6.12 percent
2023-05-14 19:59:30,(2(0)-1684061970:727499),systemResources.CPU_01,19206,8.00 percent
2023-05-14 19:59:30,(2(0)-1684061970:727510),systemResources.CPU_02,19207,7.07 percent
2023-05-14 19:59:30,(2(0)-1684061970:727520),systemResources.CPU_03,19208,6.19 percent
2023-05-14 19:59:30,(2(0)-1684061970:727521),systemResources.CPU,19204,6.84 percent
2023-05-14 19:59:30,(2(0)-1684061970:727526),systemResources.MEMORY_TOTAL,19200,4017156 KB
2023-05-14 19:59:30,(2(0)-1684061970:727526),systemResources.MEMORY_USED,19201,2949332 KB
2023-05-14 19:59:30,(2(0)-1684061970:727531),systemResources.FRAMEWORK_VERSION,19221,v3.2.0
2023-05-14 19:59:30,(2(0)-1684061970:727532),systemResources.PROJECT_VERSION,19222,v3.2.0
2023-05-14 19:59:32,(2(0)-1684061972:728518),systemResources.CPU_00,19205,70.41 percent
2023-05-14 19:59:32,(2(0)-1684061972:728532),systemResources.CPU_01,19206,29.29 percent
2023-05-14 19:59:32,(2(0)-1684061972:728543),systemResources.CPU_02,19207,23.53 percent
2023-05-14 19:59:32,(2(0)-1684061972:728554),systemResources.CPU_03,19208,25.26 percent
2023-05-14 19:59:32,(2(0)-1684061972:728554),systemResources.CPU,19204,37.12 percent
2023-05-14 19:59:32,(2(0)-1684061972:728563),systemResources.MEMORY_TOTAL,19200,4017156 KB
2023-05-14 19:59:32,(2(0)-1684061972:728564),systemResources.MEMORY_USED,19201,3006272 KB
2023-05-14 19:59:32,(2(0)-1684061972:728570),systemResources.FRAMEWORK_VERSION,19221,v3.2.0
2023-05-14 19:59:32,(2(0)-1684061972:728571),systemResources.PROJECT_VERSION,19222,v3.2.0
2023-05-14 19:59:32,(2(0)-1684061972:728365),blockDrv.BD_Cycles,256,65
2023-05-14 19:59:33,(2(0)-1684061973:728528),blockDrv.BD_Cycles,256,66
2023-05-14 19:59:33,(2(0)-1684061973:728667),systemResources.CPU_00,19205,98.02 percent
2023-05-14 19:59:33,(2(0)-1684061973:728682),systemResources.CPU_01,19206,17.17 percent
2023-05-14 19:59:33,(2(0)-1684061973:728693),systemResources.CPU_02,19207,18.81 percent
2023-05-14 19:59:33,(2(0)-1684061973:728705),systemResources.CPU_03,19208,17.53 percent
2023-05-14 19:59:33,(2(0)-1684061973:728706),systemResources.CPU,19204,37.88 percent
2023-05-14 19:59:33,(2(0)-1684061973:728715),systemResources.MEMORY_TOTAL,19200,4017156 KB
2023-05-14 19:59:33,(2(0)-1684061973:728716),systemResources.MEMORY_USED,19201,3009548 KB
2023-05-14 19:59:33,(2(0)-1684061973:728724),systemResources.FRAMEWORK_VERSION,19221,v3.2.0
2023-05-14 19:59:33,(2(0)-1684061973:728725),systemResources.PROJECT_VERSION,19222,v3.2.0
2023-05-14 19:59:33,(2(0)-1684061973:732785),rateGroup2Comp.RgMaxTime,768,4278 us
2023-05-14 19:59:34,(2(0)-1684061974:729027),blockDrv.BD_Cycles,256,67
2023-05-14 19:59:35,(2(0)-1684061975:730649),blockDrv.BD_Cycles,256,68
2023-05-14 19:59:34,(2(0)-1684061974:729140),systemResources.CPU_00,19205,17.17 percent
2023-05-14 19:59:34,(2(0)-1684061974:729154),systemResources.CPU_01,19206,11.34 percent
2023-05-14 19:59:34,(2(0)-1684061974:729165),systemResources.CPU_02,19207,31.96 percent
2023-05-14 19:59:34,(2(0)-1684061974:729175),systemResources.CPU_03,19208,14.14 percent
2023-05-14 19:59:34,(2(0)-1684061974:729176),systemResources.CPU,19204,18.65 percent
2023-05-14 19:59:34,(2(0)-1684061974:729182),systemResources.MEMORY_TOTAL,19200,4017156 KB
2023-05-14 19:59:34,(2(0)-1684061974:729182),systemResources.MEMORY_USED,19201,2964520 KB
2023-05-14 19:59:34,(2(0)-1684061974:729187),systemResources.FRAMEWORK_VERSION,19221,v3.2.0
2023-05-14 19:59:34,(2(0)-1684061974:729188),systemResources.PROJECT_VERSION,19222,v3.2.0
2023-05-14 19:59:35,(2(0)-1684061975:730724),systemResources.CPU_00,19205,8.33 percent
2023-05-14 19:59:35,(2(0)-1684061975:730737),systemResources.CPU_01,19206,9.09 percent
2023-05-14 19:59:35,(2(0)-1684061975:730748),systemResources.CPU_02,19207,10.10 percent
2023-05-14 19:59:35,(2(0)-1684061975:730760),systemResources.CPU_03,19208,10.31 percent
2023-05-14 19:59:35,(2(0)-1684061975:730760),systemResources.CPU,19204,9.46 percent
2023-05-14 19:59:35,(2(0)-1684061975:730763),systemResources.MEMORY_TOTAL,19200,4017156 KB
2023-05-14 19:59:35,(2(0)-1684061975:730763),systemResources.MEMORY_USED,19201,2967012 KB
2023-05-14 19:59:35,(2(0)-1684061975:730768),systemResources.FRAMEWORK_VERSION,19221,v3.2.0
2023-05-14 19:59:35,(2(0)-1684061975:730768),systemResources.PROJECT_VERSION,19222,v3.2.0
2023-05-14 19:59:36,(2(0)-1684061976:731153),blockDrv.BD_Cycles,256,69
2023-05-14 19:59:37,(2(0)-1684061977:731387),blockDrv.BD_Cycles,256,70
2023-05-14 19:59:36,(2(0)-1684061976:731246),systemResources.CPU_00,19205,16.49 percent
2023-05-14 19:59:36,(2(0)-1684061976:731260),systemResources.CPU_01,19206,15.62 percent
2023-05-14 19:59:36,(2(0)-1684061976:731271),systemResources.CPU_02,19207,17.71 percent
2023-05-14 19:59:36,(2(0)-1684061976:731283),systemResources.CPU_03,19208,12.22 percent
2023-05-14 19:59:36,(2(0)-1684061976:731283),systemResources.CPU,19204,15.51 percent
2023-05-14 19:59:36,(2(0)-1684061976:731285),systemResources.MEMORY_TOTAL,19200,4017156 KB
2023-05-14 19:59:36,(2(0)-1684061976:731286),systemResources.MEMORY_USED,19201,2967768 KB
2023-05-14 19:59:36,(2(0)-1684061976:731322),systemResources.FRAMEWORK_VERSION,19221,v3.2.0
2023-05-14 19:59:36,(2(0)-1684061976:731323),systemResources.PROJECT_VERSION,19222,v3.2.0
2023-05-14 19:59:37,(2(0)-1684061977:731465),systemResources.CPU_00,19205,5.15 percent
2023-05-14 19:59:37,(2(0)-1684061977:731478),systemResources.CPU_01,19206,8.91 percent
2023-05-14 19:59:37,(2(0)-1684061977:731488),systemResources.CPU_02,19207,9.00 percent
2023-05-14 19:59:37,(2(0)-1684061977:731499),systemResources.CPU_03,19208,3.19 percent
2023-05-14 19:59:37,(2(0)-1684061977:731500),systemResources.CPU,19204,6.56 percent
2023-05-14 19:59:37,(2(0)-1684061977:731502),systemResources.MEMORY_TOTAL,19200,4017156 KB
2023-05-14 19:59:37,(2(0)-1684061977:731503),systemResources.MEMORY_USED,19201,2967768 KB
2023-05-14 19:59:37,(2(0)-1684061977:731507),systemResources.FRAMEWORK_VERSION,19221,v3.2.0
2023-05-14 19:59:37,(2(0)-1684061977:731508),systemResources.PROJECT_VERSION,19222,v3.2.0
2023-05-14 19:59:38,(2(0)-1684061978:732458),blockDrv.BD_Cycles,256,71
2023-05-14 19:59:39,(2(0)-1684061979:732579),blockDrv.BD_Cycles,256,72
2023-05-14 19:59:38,(2(0)-1684061978:732587),systemResources.CPU_00,19205,12.50 percent
2023-05-14 19:59:38,(2(0)-1684061978:732602),systemResources.CPU_01,19206,7.37 percent
2023-05-14 19:59:38,(2(0)-1684061978:732615),systemResources.CPU_02,19207,11.34 percent
2023-05-14 19:59:38,(2(0)-1684061978:732627),systemResources.CPU_03,19208,10.87 percent
2023-05-14 19:59:38,(2(0)-1684061978:732627),systemResources.CPU,19204,10.52 percent
2023-05-14 19:59:38,(2(0)-1684061978:732630),systemResources.MEMORY_TOTAL,19200,4017156 KB
2023-05-14 19:59:38,(2(0)-1684061978:732631),systemResources.MEMORY_USED,19201,2968524 KB
2023-05-14 19:59:38,(2(0)-1684061978:732635),systemResources.FRAMEWORK_VERSION,19221,v3.2.0
2023-05-14 19:59:38,(2(0)-1684061978:732636),systemResources.PROJECT_VERSION,19222,v3.2.0
2023-05-14 19:59:39,(2(0)-1684061979:732649),systemResources.CPU_00,19205,10.89 percent
2023-05-14 19:59:39,(2(0)-1684061979:732663),systemResources.CPU_01,19206,4.12 percent
2023-05-14 19:59:39,(2(0)-1684061979:732673),systemResources.CPU_02,19207,4.17 percent
2023-05-14 19:59:39,(2(0)-1684061979:732684),systemResources.CPU_03,19208,4.26 percent
2023-05-14 19:59:39,(2(0)-1684061979:732684),systemResources.CPU,19204,5.86 percent
2023-05-14 19:59:39,(2(0)-1684061979:732687),systemResources.MEMORY_TOTAL,19200,4017156 KB
2023-05-14 19:59:39,(2(0)-1684061979:732688),systemResources.MEMORY_USED,19201,2968776 KB
2023-05-14 19:59:39,(2(0)-1684061979:732692),systemResources.FRAMEWORK_VERSION,19221,v3.2.0
2023-05-14 19:59:39,(2(0)-1684061979:732693),systemResources.PROJECT_VERSION,19222,v3.2.0
2023-05-14 19:59:40,(2(0)-1684061980:735198),blockDrv.BD_Cycles,256,73
2023-05-14 19:59:41,(2(0)-1684061981:735949),blockDrv.BD_Cycles,256,74
2023-05-14 19:59:40,(2(0)-1684061980:735343),systemResources.CPU_00,19205,7.37 percent
2023-05-14 19:59:40,(2(0)-1684061980:735356),systemResources.CPU_01,19206,11.22 percent
2023-05-14 19:59:40,(2(0)-1684061980:735367),systemResources.CPU_02,19207,6.32 percent
2023-05-14 19:59:40,(2(0)-1684061980:735377),systemResources.CPU_03,19208,4.26 percent
2023-05-14 19:59:40,(2(0)-1684061980:735378),systemResources.CPU,19204,7.29 percent
2023-05-14 19:59:40,(2(0)-1684061980:735383),systemResources.MEMORY_TOTAL,19200,4017156 KB
2023-05-14 19:59:40,(2(0)-1684061980:735384),systemResources.MEMORY_USED,19201,2968776 KB
2023-05-14 19:59:40,(2(0)-1684061980:735389),systemResources.FRAMEWORK_VERSION,19221,v3.2.0
2023-05-14 19:59:40,(2(0)-1684061980:735389),systemResources.PROJECT_VERSION,19222,v3.2.0
2023-05-14 19:59:41,(2(0)-1684061981:736035),systemResources.CPU_00,19205,14.89 percent
2023-05-14 19:59:41,(2(0)-1684061981:736050),systemResources.CPU_01,19206,12.90 percent
2023-05-14 19:59:41,(2(0)-1684061981:736063),systemResources.CPU_02,19207,16.16 percent
2023-05-14 19:59:41,(2(0)-1684061981:736075),systemResources.CPU_03,19208,13.83 percent
2023-05-14 19:59:41,(2(0)-1684061981:736076),systemResources.CPU,19204,14.45 percent
2023-05-14 19:59:41,(2(0)-1684061981:736079),systemResources.MEMORY_TOTAL,19200,4017156 KB
2023-05-14 19:59:41,(2(0)-1684061981:736079),systemResources.MEMORY_USED,19201,2969532 KB
2023-05-14 19:59:41,(2(0)-1684061981:736083),systemResources.FRAMEWORK_VERSION,19221,v3.2.0
2023-05-14 19:59:41,(2(0)-1684061981:736084),systemResources.PROJECT_VERSION,19222,v3.2.0
2023-05-14 19:59:42,(2(0)-1684061982:736044),blockDrv.BD_Cycles,256,75
2023-05-14 19:59:43,(2(0)-1684061983:736450),blockDrv.BD_Cycles,256,76
2023-05-14 19:59:42,(2(0)-1684061982:736150),systemResources.CPU_00,19205,7.45 percent
2023-05-14 19:59:42,(2(0)-1684061982:736164),systemResources.CPU_01,19206,11.34 percent
2023-05-14 19:59:42,(2(0)-1684061982:736175),systemResources.CPU_02,19207,11.46 percent
2023-05-14 19:59:42,(2(0)-1684061982:736186),systemResources.CPU_03,19208,6.67 percent
2023-05-14 19:59:42,(2(0)-1684061982:736186),systemResources.CPU,19204,9.23 percent
2023-05-14 19:59:42,(2(0)-1684061982:736191),systemResources.MEMORY_TOTAL,19200,4017156 KB
2023-05-14 19:59:42,(2(0)-1684061982:736192),systemResources.MEMORY_USED,19201,2969784 KB
2023-05-14 19:59:42,(2(0)-1684061982:736196),systemResources.FRAMEWORK_VERSION,19221,v3.2.0
2023-05-14 19:59:42,(2(0)-1684061982:736197),systemResources.PROJECT_VERSION,19222,v3.2.0
2023-05-14 19:59:43,(2(0)-1684061983:83766),cmdDisp.CommandsDispatched,1280,4
2023-05-14 19:59:43,(2(0)-1684061983:736544),systemResources.CPU_00,19205,17.17 percent
2023-05-14 19:59:43,(2(0)-1684061983:736557),systemResources.CPU_01,19206,15.62 percent
2023-05-14 19:59:43,(2(0)-1684061983:736567),systemResources.CPU_02,19207,17.02 percent
2023-05-14 19:59:43,(2(0)-1684061983:736578),systemResources.CPU_03,19208,14.13 percent
2023-05-14 19:59:43,(2(0)-1684061983:736578),systemResources.CPU,19204,15.99 percent
2023-05-14 19:59:43,(2(0)-1684061983:736584),systemResources.MEMORY_TOTAL,19200,4017156 KB
2023-05-14 19:59:43,(2(0)-1684061983:736584),systemResources.MEMORY_USED,19201,2973312 KB
2023-05-14 19:59:43,(2(0)-1684061983:736588),systemResources.FRAMEWORK_VERSION,19221,v3.2.0
2023-05-14 19:59:43,(2(0)-1684061983:736589),systemResources.PROJECT_VERSION,19222,v3.2.0
2023-05-14 19:59:44,(2(0)-1684061984:736697),blockDrv.BD_Cycles,256,77
2023-05-14 19:59:45,(2(0)-1684061985:738136),blockDrv.BD_Cycles,256,78
2023-05-14 19:59:44,(2(0)-1684061984:736822),systemResources.CPU_00,19205,20.83 percent
2023-05-14 19:59:44,(2(0)-1684061984:736838),systemResources.CPU_01,19206,18.09 percent
2023-05-14 19:59:44,(2(0)-1684061984:736851),systemResources.CPU_02,19207,19.15 percent
2023-05-14 19:59:44,(2(0)-1684061984:736864),systemResources.CPU_03,19208,16.13 percent
2023-05-14 19:59:44,(2(0)-1684061984:736865),systemResources.CPU,19204,18.55 percent
2023-05-14 19:59:44,(2(0)-1684061984:736872),systemResources.MEMORY_TOTAL,19200,4017156 KB
2023-05-14 19:59:44,(2(0)-1684061984:736873),systemResources.MEMORY_USED,19201,2974544 KB
2023-05-14 19:59:44,(2(0)-1684061984:736878),systemResources.FRAMEWORK_VERSION,19221,v3.2.0
2023-05-14 19:59:44,(2(0)-1684061984:736879),systemResources.PROJECT_VERSION,19222,v3.2.0
2023-05-14 19:59:45,(2(0)-1684061985:738253),systemResources.CPU_00,19205,13.27 percent
2023-05-14 19:59:45,(2(0)-1684061985:738267),systemResources.CPU_01,19206,15.15 percent
2023-05-14 19:59:45,(2(0)-1684061985:738302),systemResources.CPU_02,19207,12.50 percent
2023-05-14 19:59:45,(2(0)-1684061985:738315),systemResources.CPU_03,19208,13.40 percent
2023-05-14 19:59:45,(2(0)-1684061985:738316),systemResources.CPU,19204,13.58 percent
2023-05-14 19:59:45,(2(0)-1684061985:738322),systemResources.MEMORY_TOTAL,19200,4017156 KB
2023-05-14 19:59:45,(2(0)-1684061985:738322),systemResources.MEMORY_USED,19201,2974796 KB
2023-05-14 19:59:45,(2(0)-1684061985:738327),systemResources.FRAMEWORK_VERSION,19221,v3.2.0
2023-05-14 19:59:45,(2(0)-1684061985:738328),systemResources.PROJECT_VERSION,19222,v3.2.0
2023-05-14 19:59:46,(2(0)-1684061986:739236),blockDrv.BD_Cycles,256,79
2023-05-14 19:59:47,(2(0)-1684061987:739412),blockDrv.BD_Cycles,256,80
2023-05-14 19:59:47,(2(0)-1684061987:739523),systemResources.CPU_00,19205,11.22 percent
2023-05-14 19:59:46,(2(0)-1684061986:739365),systemResources.CPU_01,19206,2.97 percent
2023-05-14 19:59:46,(2(0)-1684061986:739375),systemResources.CPU_02,19207,2.97 percent
2023-05-14 19:59:46,(2(0)-1684061986:739387),systemResources.CPU_03,19208,2.02 percent
2023-05-14 19:59:46,(2(0)-1684061986:739387),systemResources.CPU,19204,2.76 percent
2023-05-14 19:59:46,(2(0)-1684061986:739393),systemResources.MEMORY_TOTAL,19200,4017156 KB
2023-05-14 19:59:46,(2(0)-1684061986:739393),systemResources.MEMORY_USED,19201,2974292 KB
2023-05-14 19:59:46,(2(0)-1684061986:739398),systemResources.FRAMEWORK_VERSION,19221,v3.2.0
2023-05-14 19:59:46,(2(0)-1684061986:739398),systemResources.PROJECT_VERSION,19222,v3.2.0
2023-05-14 19:59:47,(2(0)-1684061987:739536),systemResources.CPU_01,19206,12.12 percent
2023-05-14 19:59:47,(2(0)-1684061987:739547),systemResources.CPU_02,19207,11.11 percent
2023-05-14 19:59:47,(2(0)-1684061987:739558),systemResources.CPU_03,19208,9.47 percent
2023-05-14 19:59:47,(2(0)-1684061987:739558),systemResources.CPU,19204,10.98 percent
2023-05-14 19:59:47,(2(0)-1684061987:739566),systemResources.MEMORY_TOTAL,19200,4017156 KB
2023-05-14 19:59:47,(2(0)-1684061987:739566),systemResources.MEMORY_USED,19201,2974292 KB
2023-05-14 19:59:47,(2(0)-1684061987:739571),systemResources.FRAMEWORK_VERSION,19221,v3.2.0
2023-05-14 19:59:47,(2(0)-1684061987:739572),systemResources.PROJECT_VERSION,19222,v3.2.0
2023-05-14 19:59:48,(2(0)-1684061988:739532),blockDrv.BD_Cycles,256,81
2023-05-14 19:59:49,(2(0)-1684061989:740134),blockDrv.BD_Cycles,256,82
2023-05-14 19:59:49,(2(0)-1684061989:740225),systemResources.CPU_00,19205,22.22 percent
2023-05-14 19:59:48,(2(0)-1684061988:739694),systemResources.CPU_01,19206,16.67 percent
2023-05-14 19:59:48,(2(0)-1684061988:739704),systemResources.CPU_02,19207,16.67 percent
2023-05-14 19:59:48,(2(0)-1684061988:739716),systemResources.CPU_03,19208,16.33 percent
2023-05-14 19:59:48,(2(0)-1684061988:739716),systemResources.CPU,19204,17.01 percent
2023-05-14 19:59:48,(2(0)-1684061988:739721),systemResources.MEMORY_TOTAL,19200,4017156 KB
2023-05-14 19:59:48,(2(0)-1684061988:739722),systemResources.MEMORY_USED,19201,2974292 KB
2023-05-14 19:59:48,(2(0)-1684061988:739727),systemResources.FRAMEWORK_VERSION,19221,v3.2.0
2023-05-14 19:59:48,(2(0)-1684061988:739727),systemResources.PROJECT_VERSION,19222,v3.2.0
2023-05-14 19:59:49,(2(0)-1684061989:740282),systemResources.CPU_01,19206,20.83 percent
2023-05-14 19:59:49,(2(0)-1684061989:740295),systemResources.CPU_02,19207,18.09 percent
2023-05-14 19:59:49,(2(0)-1684061989:740305),systemResources.CPU_03,19208,19.15 percent
2023-05-14 19:59:49,(2(0)-1684061989:740306),systemResources.CPU,19204,20.07 percent
2023-05-14 19:59:49,(2(0)-1684061989:740309),systemResources.MEMORY_TOTAL,19200,4017156 KB
2023-05-14 19:59:49,(2(0)-1684061989:740309),systemResources.MEMORY_USED,19201,2974292 KB
2023-05-14 19:59:49,(2(0)-1684061989:740313),systemResources.FRAMEWORK_VERSION,19221,v3.2.0
2023-05-14 19:59:49,(2(0)-1684061989:740314),systemResources.PROJECT_VERSION,19222,v3.2.0
2023-05-14 19:59:50,(2(0)-1684061990:740266),blockDrv.BD_Cycles,256,83
2023-05-14 19:59:51,(2(0)-1684061991:740385),blockDrv.BD_Cycles,256,84
2023-05-14 19:59:50,(2(0)-1684061990:740366),systemResources.CPU_00,19205,13.27 percent
2023-05-14 19:59:50,(2(0)-1684061990:740380),systemResources.CPU_01,19206,10.31 percent
2023-05-14 19:59:50,(2(0)-1684061990:740391),systemResources.CPU_02,19207,11.46 percent
2023-05-14 19:59:50,(2(0)-1684061990:740401),systemResources.CPU_03,19208,10.20 percent
2023-05-14 19:59:50,(2(0)-1684061990:740402),systemResources.CPU,19204,11.31 percent
2023-05-14 19:59:50,(2(0)-1684061990:740407),systemResources.MEMORY_TOTAL,19200,4017156 KB
2023-05-14 19:59:50,(2(0)-1684061990:740408),systemResources.MEMORY_USED,19201,2974292 KB
2023-05-14 19:59:50,(2(0)-1684061990:740412),systemResources.FRAMEWORK_VERSION,19221,v3.2.0
2023-05-14 19:59:50,(2(0)-1684061990:740413),systemResources.PROJECT_VERSION,19222,v3.2.0
2023-05-14 19:59:51,(2(0)-1684061991:740482),systemResources.CPU_00,19205,16.33 percent
2023-05-14 19:59:51,(2(0)-1684061991:740496),systemResources.CPU_01,19206,15.15 percent
2023-05-14 19:59:51,(2(0)-1684061991:740507),systemResources.CPU_02,19207,10.53 percent
2023-05-14 19:59:51,(2(0)-1684061991:740518),systemResources.CPU_03,19208,5.56 percent
2023-05-14 19:59:51,(2(0)-1684061991:740518),systemResources.CPU,19204,11.89 percent
2023-05-14 19:59:51,(2(0)-1684061991:740524),systemResources.MEMORY_TOTAL,19200,4017156 KB
2023-05-14 19:59:51,(2(0)-1684061991:740524),systemResources.MEMORY_USED,19201,2974544 KB
2023-05-14 19:59:51,(2(0)-1684061991:740528),systemResources.FRAMEWORK_VERSION,19221,v3.2.0
2023-05-14 19:59:51,(2(0)-1684061991:740529),systemResources.PROJECT_VERSION,19222,v3.2.0
2023-05-14 19:59:52,(2(0)-1684061992:740527),blockDrv.BD_Cycles,256,85
2023-05-14 19:59:53,(2(0)-1684061993:741170),blockDrv.BD_Cycles,256,86
2023-05-14 19:59:52,(2(0)-1684061992:740618),systemResources.CPU_00,19205,9.38 percent
2023-05-14 19:59:52,(2(0)-1684061992:740631),systemResources.CPU_01,19206,12.37 percent
2023-05-14 19:59:52,(2(0)-1684061992:740641),systemResources.CPU_02,19207,7.61 percent
2023-05-14 19:59:52,(2(0)-1684061992:740652),systemResources.CPU_03,19208,7.45 percent
2023-05-14 19:59:52,(2(0)-1684061992:740652),systemResources.CPU,19204,9.20 percent
2023-05-14 19:59:52,(2(0)-1684061992:740657),systemResources.MEMORY_TOTAL,19200,4017156 KB
2023-05-14 19:59:52,(2(0)-1684061992:740657),systemResources.MEMORY_USED,19201,2974544 KB
2023-05-14 19:59:52,(2(0)-1684061992:740661),systemResources.FRAMEWORK_VERSION,19221,v3.2.0
2023-05-14 19:59:52,(2(0)-1684061992:740662),systemResources.PROJECT_VERSION,19222,v3.2.0
2023-05-14 19:59:53,(2(0)-1684061993:741290),systemResources.CPU_00,19205,9.47 percent
2023-05-14 19:59:53,(2(0)-1684061993:741304),systemResources.CPU_01,19206,13.00 percent
2023-05-14 19:59:53,(2(0)-1684061993:741315),systemResources.CPU_02,19207,15.00 percent
2023-05-14 19:59:53,(2(0)-1684061993:741326),systemResources.CPU_03,19208,14.74 percent
2023-05-14 19:59:53,(2(0)-1684061993:741327),systemResources.CPU,19204,13.05 percent
2023-05-14 19:59:53,(2(0)-1684061993:741333),systemResources.MEMORY_TOTAL,19200,4017156 KB
2023-05-14 19:59:53,(2(0)-1684061993:741333),systemResources.MEMORY_USED,19201,2974796 KB
2023-05-14 19:59:53,(2(0)-1684061993:741338),systemResources.FRAMEWORK_VERSION,19221,v3.2.0
2023-05-14 19:59:53,(2(0)-1684061993:741339),systemResources.PROJECT_VERSION,19222,v3.2.0
2023-05-14 19:59:54,(2(0)-1684061994:741328),blockDrv.BD_Cycles,256,87
2023-05-14 19:59:55,(2(0)-1684061995:741388),blockDrv.BD_Cycles,256,88
2023-05-14 19:59:54,(2(0)-1684061994:741449),systemResources.CPU_00,19205,12.37 percent
2023-05-14 19:59:54,(2(0)-1684061994:741462),systemResources.CPU_01,19206,12.37 percent
2023-05-14 19:59:54,(2(0)-1684061994:741473),systemResources.CPU_02,19207,12.24 percent
2023-05-14 19:59:54,(2(0)-1684061994:741483),systemResources.CPU_03,19208,9.57 percent
2023-05-14 19:59:54,(2(0)-1684061994:741484),systemResources.CPU,19204,11.64 percent
2023-05-14 19:59:54,(2(0)-1684061994:741490),systemResources.MEMORY_TOTAL,19200,4017156 KB
2023-05-14 19:59:54,(2(0)-1684061994:741490),systemResources.MEMORY_USED,19201,2974796 KB
2023-05-14 19:59:54,(2(0)-1684061994:741495),systemResources.FRAMEWORK_VERSION,19221,v3.2.0
2023-05-14 19:59:54,(2(0)-1684061994:741496),systemResources.PROJECT_VERSION,19222,v3.2.0
2023-05-14 19:59:55,(2(0)-1684061995:741473),systemResources.CPU_00,19205,10.42 percent
2023-05-14 19:59:55,(2(0)-1684061995:741486),systemResources.CPU_01,19206,8.42 percent
2023-05-14 19:59:55,(2(0)-1684061995:741497),systemResources.CPU_02,19207,8.25 percent
2023-05-14 19:59:55,(2(0)-1684061995:741508),systemResources.CPU_03,19208,9.18 percent
2023-05-14 19:59:55,(2(0)-1684061995:741508),systemResources.CPU,19204,9.07 percent
2023-05-14 19:59:55,(2(0)-1684061995:741515),systemResources.MEMORY_TOTAL,19200,4017156 KB
2023-05-14 19:59:55,(2(0)-1684061995:741515),systemResources.MEMORY_USED,19201,2974796 KB
2023-05-14 19:59:55,(2(0)-1684061995:741519),systemResources.FRAMEWORK_VERSION,19221,v3.2.0
2023-05-14 19:59:55,(2(0)-1684061995:741520),systemResources.PROJECT_VERSION,19222,v3.2.0
2023-05-14 19:59:56,(2(0)-1684061996:741475),blockDrv.BD_Cycles,256,89
2023-05-14 19:59:57,(2(0)-1684061997:741736),blockDrv.BD_Cycles,256,90
2023-05-14 19:59:56,(2(0)-1684061996:741595),systemResources.CPU_00,19205,15.05 percent
2023-05-14 19:59:56,(2(0)-1684061996:741611),systemResources.CPU_01,19206,15.79 percent
2023-05-14 19:59:56,(2(0)-1684061996:741624),systemResources.CPU_02,19207,16.49 percent
2023-05-14 19:59:56,(2(0)-1684061996:741638),systemResources.CPU_03,19208,10.23 percent
2023-05-14 19:59:56,(2(0)-1684061996:741638),systemResources.CPU,19204,14.39 percent
2023-05-14 19:59:56,(2(0)-1684061996:741643),systemResources.MEMORY_TOTAL,19200,4017156 KB
2023-05-14 19:59:56,(2(0)-1684061996:741644),systemResources.MEMORY_USED,19201,2974796 KB
2023-05-14 19:59:56,(2(0)-1684061996:741648),systemResources.FRAMEWORK_VERSION,19221,v3.2.0
2023-05-14 19:59:56,(2(0)-1684061996:741649),systemResources.PROJECT_VERSION,19222,v3.2.0
2023-05-14 19:59:57,(2(0)-1684061997:741902),systemResources.CPU_00,19205,12.37 percent
2023-05-14 19:59:57,(2(0)-1684061997:741915),systemResources.CPU_01,19206,14.74 percent
2023-05-14 19:59:57,(2(0)-1684061997:741927),systemResources.CPU_02,19207,13.68 percent
2023-05-14 19:59:57,(2(0)-1684061997:741938),systemResources.CPU_03,19208,16.49 percent
2023-05-14 19:59:57,(2(0)-1684061997:741939),systemResources.CPU,19204,14.32 percent
2023-05-14 19:59:57,(2(0)-1684061997:741945),systemResources.MEMORY_TOTAL,19200,4017156 KB
2023-05-14 19:59:57,(2(0)-1684061997:741946),systemResources.MEMORY_USED,19201,2722936 KB
2023-05-14 19:59:57,(2(0)-1684061997:741950),systemResources.FRAMEWORK_VERSION,19221,v3.2.0
2023-05-14 19:59:57,(2(0)-1684061997:741951),systemResources.PROJECT_VERSION,19222,v3.2.0
2023-05-14 19:59:58,(2(0)-1684061998:741780),blockDrv.BD_Cycles,256,91
2023-05-14 19:59:59,(2(0)-1684061999:742101),blockDrv.BD_Cycles,256,92
2023-05-14 19:59:58,(2(0)-1684061998:741873),systemResources.CPU_00,19205,6.19 percent
2023-05-14 19:59:58,(2(0)-1684061998:741886),systemResources.CPU_01,19206,8.08 percent
2023-05-14 19:59:58,(2(0)-1684061998:741897),systemResources.CPU_02,19207,4.12 percent
2023-05-14 19:59:58,(2(0)-1684061998:741907),systemResources.CPU_03,19208,7.29 percent
2023-05-14 19:59:58,(2(0)-1684061998:741907),systemResources.CPU,19204,6.42 percent
2023-05-14 19:59:58,(2(0)-1684061998:741910),systemResources.MEMORY_TOTAL,19200,4017156 KB
2023-05-14 19:59:58,(2(0)-1684061998:741910),systemResources.MEMORY_USED,19201,2618292 KB
2023-05-14 19:59:58,(2(0)-1684061998:741914),systemResources.FRAMEWORK_VERSION,19221,v3.2.0
2023-05-14 19:59:58,(2(0)-1684061998:741915),systemResources.PROJECT_VERSION,19222,v3.2.0
