2023-05-15 22:19:23,(2(0)-1684156763:380227),blockDrv.BD_Cycles,256,2
2023-05-15 22:19:23,(2(0)-1684156763:380276),rateGroup2Comp.RgMaxTime,768,64 us
2023-05-15 22:19:23,(2(0)-1684156763:380372),systemResources.CPU_00,19205,2.73 percent
2023-05-15 22:19:23,(2(0)-1684156763:380386),systemResources.CPU_01,19206,2.70 percent
2023-05-15 22:19:23,(2(0)-1684156763:380398),systemResources.CPU_02,19207,0.00 percent
2023-05-15 22:19:23,(2(0)-1684156763:380410),systemResources.CPU_03,19208,2.73 percent
2023-05-15 22:19:23,(2(0)-1684156763:380422),systemResources.CPU_04,19209,6.93 percent
2023-05-15 22:19:23,(2(0)-1684156763:380434),systemResources.CPU_05,19210,0.92 percent
2023-05-15 22:19:23,(2(0)-1684156763:380445),systemResources.CPU_06,19211,0.93 percent
2023-05-15 22:19:23,(2(0)-1684156763:380456),systemResources.CPU_07,19212,7.59 percent
2023-05-15 22:19:23,(2(0)-1684156763:380457),systemResources.CPU,19204,3.07 percent
2023-05-15 22:19:23,(2(0)-1684156763:380467),systemResources.FRAMEWORK_VERSION,19221,v3.2.0
2023-05-15 22:19:23,(2(0)-1684156763:380468),systemResources.PROJECT_VERSION,19222,v3.2.0
2023-05-15 22:19:24,(2(0)-1684156764:380384),blockDrv.BD_Cycles,256,3
2023-05-15 22:19:25,(2(0)-1684156765:478152),blockDrv.BD_Cycles,256,4
2023-05-15 22:19:25,(2(0)-1684156765:478211),rateGroup2Comp.RgMaxTime,768,79 us
2023-05-15 22:19:24,(2(0)-1684156764:380532),systemResources.CPU_00,19205,0.00 percent
2023-05-15 22:19:24,(2(0)-1684156764:380547),systemResources.CPU_01,19206,0.00 percent
2023-05-15 22:19:24,(2(0)-1684156764:380559),systemResources.CPU_02,19207,1.98 percent
2023-05-15 22:19:24,(2(0)-1684156764:380571),systemResources.CPU_03,19208,0.00 percent
2023-05-15 22:19:24,(2(0)-1684156764:380582),systemResources.CPU_04,19209,0.00 percent
2023-05-15 22:19:24,(2(0)-1684156764:380594),systemResources.CPU_05,19210,0.00 percent
2023-05-15 22:19:24,(2(0)-1684156764:380606),systemResources.CPU_06,19211,0.00 percent
2023-05-15 22:19:24,(2(0)-1684156764:380617),systemResources.CPU_07,19212,0.00 percent
2023-05-15 22:19:24,(2(0)-1684156764:380618),systemResources.CPU,19204,0.25 percent
2023-05-15 22:19:24,(2(0)-1684156764:380627),systemResources.FRAMEWORK_VERSION,19221,v3.2.0
2023-05-15 22:19:24,(2(0)-1684156764:380629),systemResources.PROJECT_VERSION,19222,v3.2.0
2023-05-15 22:19:25,(2(0)-1684156765:478355),rateGroup3Comp.RgMaxTime,1024,225 us
2023-05-15 22:19:26,(2(0)-1684156766:545619),systemResources.CPU_00,19205,5.75 percent
2023-05-15 22:19:26,(2(0)-1684156766:545634),systemResources.CPU_01,19206,2.41 percent
2023-05-15 22:19:26,(2(0)-1684156766:545646),systemResources.CPU_02,19207,15.38 percent
2023-05-15 22:19:26,(2(0)-1684156766:545658),systemResources.CPU_03,19208,10.00 percent
2023-05-15 22:19:26,(2(0)-1684156766:545670),systemResources.CPU_04,19209,4.00 percent
2023-05-15 22:19:26,(2(0)-1684156766:545682),systemResources.CPU_05,19210,4.76 percent
2023-05-15 22:19:26,(2(0)-1684156766:545694),systemResources.CPU_06,19211,7.27 percent
2023-05-15 22:19:26,(2(0)-1684156766:545706),systemResources.CPU_07,19212,5.17 percent
2023-05-15 22:19:26,(2(0)-1684156766:545707),systemResources.CPU,19204,6.84 percent
2023-05-15 22:19:26,(2(0)-1684156766:545714),systemResources.FRAMEWORK_VERSION,19221,v3.2.0
2023-05-15 22:19:26,(2(0)-1684156766:545715),systemResources.PROJECT_VERSION,19222,v3.2.0
2023-05-15 22:19:26,(2(0)-1684156766:545533),blockDrv.BD_Cycles,256,5
2023-05-15 22:19:27,(2(0)-1684156767:545969),blockDrv.BD_Cycles,256,6
2023-05-15 22:19:27,(2(0)-1684156767:546057),systemResources.CPU_00,19205,13.64 percent
2023-05-15 22:19:27,(2(0)-1684156767:546072),systemResources.CPU_01,19206,19.48 percent
2023-05-15 22:19:27,(2(0)-1684156767:546084),systemResources.CPU_02,19207,12.50 percent
2023-05-15 22:19:27,(2(0)-1684156767:546095),systemResources.CPU_03,19208,11.36 percent
2023-05-15 22:19:27,(2(0)-1684156767:546107),systemResources.CPU_04,19209,16.47 percent
2023-05-15 22:19:27,(2(0)-1684156767:546119),systemResources.CPU_05,19210,22.73 percent
2023-05-15 22:19:27,(2(0)-1684156767:546131),systemResources.CPU_06,19211,13.79 percent
2023-05-15 22:19:27,(2(0)-1684156767:546143),systemResources.CPU_07,19212,13.79 percent
2023-05-15 22:19:27,(2(0)-1684156767:546143),systemResources.CPU,19204,15.47 percent
2023-05-15 22:19:27,(2(0)-1684156767:546152),systemResources.FRAMEWORK_VERSION,19221,v3.2.0
2023-05-15 22:19:27,(2(0)-1684156767:546153),systemResources.PROJECT_VERSION,19222,v3.2.0
2023-05-15 22:19:28,(2(0)-1684156768:546184),blockDrv.BD_Cycles,256,7
2023-05-15 22:19:29,(2(0)-1684156769:581870),blockDrv.BD_Cycles,256,8
2023-05-15 22:19:29,(2(0)-1684156769:581933),rateGroup2Comp.RgMaxTime,768,85 us
2023-05-15 22:19:28,(2(0)-1684156768:546288),systemResources.CPU_00,19205,4.00 percent
2023-05-15 22:19:28,(2(0)-1684156768:546303),systemResources.CPU_01,19206,6.12 percent
2023-05-15 22:19:28,(2(0)-1684156768:546316),systemResources.CPU_02,19207,7.14 percent
2023-05-15 22:19:28,(2(0)-1684156768:546327),systemResources.CPU_03,19208,7.92 percent
2023-05-15 22:19:28,(2(0)-1684156768:546339),systemResources.CPU_04,19209,5.05 percent
2023-05-15 22:19:28,(2(0)-1684156768:546351),systemResources.CPU_05,19210,9.28 percent
2023-05-15 22:19:28,(2(0)-1684156768:546363),systemResources.CPU_06,19211,5.15 percent
2023-05-15 22:19:28,(2(0)-1684156768:546376),systemResources.CPU_07,19212,3.61 percent
2023-05-15 22:19:28,(2(0)-1684156768:546376),systemResources.CPU,19204,6.04 percent
2023-05-15 22:19:28,(2(0)-1684156768:546384),systemResources.FRAMEWORK_VERSION,19221,v3.2.0
2023-05-15 22:19:28,(2(0)-1684156768:546385),systemResources.PROJECT_VERSION,19222,v3.2.0
2023-05-15 22:19:29,(2(0)-1684156769:582136),rateGroup3Comp.RgMaxTime,1024,288 us
2023-05-15 22:19:29,(2(0)-1684156769:582093),systemResources.CPU_00,19205,2.94 percent
2023-05-15 22:19:29,(2(0)-1684156769:582111),systemResources.CPU_01,19206,3.92 percent
2023-05-15 22:19:29,(2(0)-1684156769:582122),systemResources.CPU_02,19207,2.97 percent
2023-05-15 22:19:29,(2(0)-1684156769:582135),systemResources.CPU_03,19208,3.03 percent
2023-05-15 22:19:29,(2(0)-1684156769:582147),systemResources.CPU_04,19209,2.94 percent
2023-05-15 22:19:29,(2(0)-1684156769:582160),systemResources.CPU_05,19210,2.94 percent
2023-05-15 22:19:29,(2(0)-1684156769:582172),systemResources.CPU_06,19211,2.00 percent
2023-05-15 22:19:29,(2(0)-1684156769:582183),systemResources.CPU_07,19212,0.97 percent
2023-05-15 22:19:29,(2(0)-1684156769:582184),systemResources.CPU,19204,2.71 percent
2023-05-15 22:19:29,(2(0)-1684156769:582193),systemResources.FRAMEWORK_VERSION,19221,v3.2.0
2023-05-15 22:19:29,(2(0)-1684156769:582194),systemResources.PROJECT_VERSION,19222,v3.2.0
2023-05-15 22:19:29,(2(0)-1684156769:582195),rateGroup1Comp.RgMaxTime,512,348 us
2023-05-15 22:19:30,(2(0)-1684156770:634543),blockDrv.BD_Cycles,256,9
2023-05-15 22:19:31,(2(0)-1684156771:703395),blockDrv.BD_Cycles,256,10
2023-05-15 22:19:30,(2(0)-1684156770:634659),systemResources.CPU_00,19205,2.88 percent
2023-05-15 22:19:30,(2(0)-1684156770:634673),systemResources.CPU_01,19206,3.85 percent
2023-05-15 22:19:30,(2(0)-1684156770:634685),systemResources.CPU_02,19207,3.81 percent
2023-05-15 22:19:30,(2(0)-1684156770:634697),systemResources.CPU_03,19208,5.66 percent
2023-05-15 22:19:30,(2(0)-1684156770:634708),systemResources.CPU_04,19209,2.88 percent
2023-05-15 22:19:30,(2(0)-1684156770:634721),systemResources.CPU_05,19210,1.92 percent
2023-05-15 22:19:30,(2(0)-1684156770:634733),systemResources.CPU_06,19211,2.91 percent
2023-05-15 22:19:30,(2(0)-1684156770:634745),systemResources.CPU_07,19212,1.92 percent
2023-05-15 22:19:30,(2(0)-1684156770:634745),systemResources.CPU,19204,3.23 percent
2023-05-15 22:19:30,(2(0)-1684156770:634754),systemResources.FRAMEWORK_VERSION,19221,v3.2.0
2023-05-15 22:19:30,(2(0)-1684156770:634754),systemResources.PROJECT_VERSION,19222,v3.2.0
2023-05-15 22:19:31,(2(0)-1684156771:703494),systemResources.CPU_00,19205,2.83 percent
2023-05-15 22:19:31,(2(0)-1684156771:703509),systemResources.CPU_01,19206,0.95 percent
2023-05-15 22:19:31,(2(0)-1684156771:703522),systemResources.CPU_02,19207,3.74 percent
2023-05-15 22:19:31,(2(0)-1684156771:703535),systemResources.CPU_03,19208,1.90 percent
2023-05-15 22:19:31,(2(0)-1684156771:703547),systemResources.CPU_04,19209,1.92 percent
2023-05-15 22:19:31,(2(0)-1684156771:703558),systemResources.CPU_05,19210,3.74 percent
2023-05-15 22:19:31,(2(0)-1684156771:703591),systemResources.CPU_06,19211,1.90 percent
2023-05-15 22:19:31,(2(0)-1684156771:703605),systemResources.CPU_07,19212,0.96 percent
2023-05-15 22:19:31,(2(0)-1684156771:703605),systemResources.CPU,19204,2.24 percent
2023-05-15 22:19:31,(2(0)-1684156771:703614),systemResources.FRAMEWORK_VERSION,19221,v3.2.0
2023-05-15 22:19:31,(2(0)-1684156771:703615),systemResources.PROJECT_VERSION,19222,v3.2.0
2023-05-15 22:19:32,(2(0)-1684156772:784862),blockDrv.BD_Cycles,256,11
2023-05-15 22:19:33,(2(0)-1684156773:834839),blockDrv.BD_Cycles,256,12
2023-05-15 22:19:32,(2(0)-1684156772:784985),systemResources.CPU_00,19205,3.67 percent
2023-05-15 22:19:32,(2(0)-1684156772:784999),systemResources.CPU_01,19206,1.85 percent
2023-05-15 22:19:32,(2(0)-1684156772:785011),systemResources.CPU_02,19207,2.80 percent
2023-05-15 22:19:32,(2(0)-1684156772:785022),systemResources.CPU_03,19208,6.06 percent
2023-05-15 22:19:32,(2(0)-1684156772:785034),systemResources.CPU_04,19209,0.94 percent
2023-05-15 22:19:32,(2(0)-1684156772:785045),systemResources.CPU_05,19210,0.00 percent
2023-05-15 22:19:32,(2(0)-1684156772:785056),systemResources.CPU_06,19211,0.93 percent
2023-05-15 22:19:32,(2(0)-1684156772:785068),systemResources.CPU_07,19212,1.85 percent
2023-05-15 22:19:32,(2(0)-1684156772:785068),systemResources.CPU,19204,2.26 percent
2023-05-15 22:19:32,(2(0)-1684156772:785077),systemResources.FRAMEWORK_VERSION,19221,v3.2.0
2023-05-15 22:19:32,(2(0)-1684156772:785078),systemResources.PROJECT_VERSION,19222,v3.2.0
2023-05-15 22:19:33,(2(0)-1684156773:834957),systemResources.CPU_00,19205,0.96 percent
2023-05-15 22:19:33,(2(0)-1684156773:834973),systemResources.CPU_01,19206,1.90 percent
2023-05-15 22:19:33,(2(0)-1684156773:834988),systemResources.CPU_02,19207,1.00 percent
2023-05-15 22:19:33,(2(0)-1684156773:835000),systemResources.CPU_03,19208,1.90 percent
2023-05-15 22:19:33,(2(0)-1684156773:835012),systemResources.CPU_04,19209,0.00 percent
2023-05-15 22:19:33,(2(0)-1684156773:835025),systemResources.CPU_05,19210,0.98 percent
2023-05-15 22:19:33,(2(0)-1684156773:835037),systemResources.CPU_06,19211,0.97 percent
2023-05-15 22:19:33,(2(0)-1684156773:835048),systemResources.CPU_07,19212,0.96 percent
2023-05-15 22:19:33,(2(0)-1684156773:835049),systemResources.CPU,19204,1.09 percent
2023-05-15 22:19:33,(2(0)-1684156773:835058),systemResources.FRAMEWORK_VERSION,19221,v3.2.0
2023-05-15 22:19:33,(2(0)-1684156773:835058),systemResources.PROJECT_VERSION,19222,v3.2.0
2023-05-15 22:19:34,(2(0)-1684156774:859927),blockDrv.BD_Cycles,256,13
2023-05-15 22:19:33,(2(0)-1684156773:834912),rateGroup2Comp.RgMaxTime,768,96 us
2023-05-15 22:19:36,(2(0)-1684156776:179419),blockDrv.BD_Cycles,256,14
2023-05-15 22:19:34,(2(0)-1684156774:860057),systemResources.CPU_00,19205,1.96 percent
2023-05-15 22:19:34,(2(0)-1684156774:860072),systemResources.CPU_01,19206,0.98 percent
2023-05-15 22:19:34,(2(0)-1684156774:860084),systemResources.CPU_02,19207,0.00 percent
2023-05-15 22:19:34,(2(0)-1684156774:860096),systemResources.CPU_03,19208,0.98 percent
2023-05-15 22:19:34,(2(0)-1684156774:860107),systemResources.CPU_04,19209,0.00 percent
2023-05-15 22:19:34,(2(0)-1684156774:860119),systemResources.CPU_05,19210,0.98 percent
2023-05-15 22:19:34,(2(0)-1684156774:860130),systemResources.CPU_06,19211,2.91 percent
2023-05-15 22:19:34,(2(0)-1684156774:860143),systemResources.CPU_07,19212,6.52 percent
2023-05-15 22:19:34,(2(0)-1684156774:860143),systemResources.CPU,19204,1.79 percent
2023-05-15 22:19:34,(2(0)-1684156774:860153),systemResources.FRAMEWORK_VERSION,19221,v3.2.0
2023-05-15 22:19:34,(2(0)-1684156774:860154),systemResources.PROJECT_VERSION,19222,v3.2.0
2023-05-15 22:19:36,(2(0)-1684156776:179546),systemResources.CPU_00,19205,0.00 percent
2023-05-15 22:19:36,(2(0)-1684156776:179564),systemResources.CPU_01,19206,1.53 percent
2023-05-15 22:19:36,(2(0)-1684156776:179580),systemResources.CPU_02,19207,0.00 percent
2023-05-15 22:19:36,(2(0)-1684156776:179595),systemResources.CPU_03,19208,0.76 percent
2023-05-15 22:19:36,(2(0)-1684156776:179612),systemResources.CPU_04,19209,0.00 percent
2023-05-15 22:19:36,(2(0)-1684156776:179630),systemResources.CPU_05,19210,0.00 percent
2023-05-15 22:19:36,(2(0)-1684156776:179643),systemResources.CPU_06,19211,0.00 percent
2023-05-15 22:19:36,(2(0)-1684156776:179655),systemResources.CPU_07,19212,0.79 percent
2023-05-15 22:19:36,(2(0)-1684156776:179655),systemResources.CPU,19204,0.38 percent
2023-05-15 22:19:36,(2(0)-1684156776:179664),systemResources.FRAMEWORK_VERSION,19221,v3.2.0
2023-05-15 22:19:36,(2(0)-1684156776:179665),systemResources.PROJECT_VERSION,19222,v3.2.0
2023-05-15 22:19:37,(2(0)-1684156777:220541),blockDrv.BD_Cycles,256,15
2023-05-15 22:19:38,(2(0)-1684156778:253090),blockDrv.BD_Cycles,256,16
2023-05-15 22:19:37,(2(0)-1684156777:220671),systemResources.CPU_00,19205,1.92 percent
2023-05-15 22:19:37,(2(0)-1684156777:220687),systemResources.CPU_01,19206,0.96 percent
2023-05-15 22:19:37,(2(0)-1684156777:220699),systemResources.CPU_02,19207,0.96 percent
2023-05-15 22:19:37,(2(0)-1684156777:220711),systemResources.CPU_03,19208,0.00 percent
2023-05-15 22:19:37,(2(0)-1684156777:220724),systemResources.CPU_04,19209,1.92 percent
2023-05-15 22:19:37,(2(0)-1684156777:220736),systemResources.CPU_05,19210,0.96 percent
2023-05-15 22:19:37,(2(0)-1684156777:220748),systemResources.CPU_06,19211,0.00 percent
2023-05-15 22:19:37,(2(0)-1684156777:220761),systemResources.CPU_07,19212,0.96 percent
2023-05-15 22:19:37,(2(0)-1684156777:220761),systemResources.CPU,19204,0.96 percent
2023-05-15 22:19:37,(2(0)-1684156777:220771),systemResources.FRAMEWORK_VERSION,19221,v3.2.0
2023-05-15 22:19:37,(2(0)-1684156777:220772),systemResources.PROJECT_VERSION,19222,v3.2.0
2023-05-15 22:19:38,(2(0)-1684156778:253242),systemResources.CPU_00,19205,0.97 percent
2023-05-15 22:19:38,(2(0)-1684156778:253264),systemResources.CPU_01,19206,0.97 percent
2023-05-15 22:19:38,(2(0)-1684156778:253283),systemResources.CPU_02,19207,0.97 percent
2023-05-15 22:19:38,(2(0)-1684156778:253301),systemResources.CPU_03,19208,0.00 percent
2023-05-15 22:19:38,(2(0)-1684156778:253319),systemResources.CPU_04,19209,0.97 percent
2023-05-15 22:19:38,(2(0)-1684156778:253338),systemResources.CPU_05,19210,0.00 percent
2023-05-15 22:19:38,(2(0)-1684156778:253355),systemResources.CPU_06,19211,0.00 percent
2023-05-15 22:19:38,(2(0)-1684156778:253373),systemResources.CPU_07,19212,0.00 percent
2023-05-15 22:19:38,(2(0)-1684156778:253373),systemResources.CPU,19204,0.49 percent
2023-05-15 22:19:38,(2(0)-1684156778:253384),systemResources.FRAMEWORK_VERSION,19221,v3.2.0
2023-05-15 22:19:38,(2(0)-1684156778:253385),systemResources.PROJECT_VERSION,19222,v3.2.0
2023-05-15 22:19:39,(2(0)-1684156779:263600),blockDrv.BD_Cycles,256,17
2023-05-15 22:19:40,(2(0)-1684156780:293485),blockDrv.BD_Cycles,256,18
2023-05-15 22:19:39,(2(0)-1684156779:263702),systemResources.CPU_00,19205,2.94 percent
2023-05-15 22:19:39,(2(0)-1684156779:263716),systemResources.CPU_01,19206,0.00 percent
2023-05-15 22:19:39,(2(0)-1684156779:263728),systemResources.CPU_02,19207,0.00 percent
2023-05-15 22:19:39,(2(0)-1684156779:263740),systemResources.CPU_03,19208,0.99 percent
2023-05-15 22:19:39,(2(0)-1684156779:263752),systemResources.CPU_04,19209,0.00 percent
2023-05-15 22:19:39,(2(0)-1684156779:263764),systemResources.CPU_05,19210,1.00 percent
2023-05-15 22:19:39,(2(0)-1684156779:263776),systemResources.CPU_06,19211,2.02 percent
2023-05-15 22:19:39,(2(0)-1684156779:263787),systemResources.CPU_07,19212,2.00 percent
2023-05-15 22:19:39,(2(0)-1684156779:263788),systemResources.CPU,19204,1.12 percent
2023-05-15 22:19:39,(2(0)-1684156779:263797),systemResources.FRAMEWORK_VERSION,19221,v3.2.0
2023-05-15 22:19:39,(2(0)-1684156779:263798),systemResources.PROJECT_VERSION,19222,v3.2.0
2023-05-15 22:19:39,(2(0)-1684156779:943977),cmdDisp.CommandsDispatched,1280,1
2023-05-15 22:19:40,(2(0)-1684156780:293688),systemResources.CPU_00,19205,2.00 percent
2023-05-15 22:19:40,(2(0)-1684156780:293703),systemResources.CPU_01,19206,1.02 percent
2023-05-15 22:19:40,(2(0)-1684156780:293716),systemResources.CPU_02,19207,2.04 percent
2023-05-15 22:19:40,(2(0)-1684156780:293729),systemResources.CPU_03,19208,3.09 percent
2023-05-15 22:19:40,(2(0)-1684156780:293741),systemResources.CPU_04,19209,4.85 percent
2023-05-15 22:19:40,(2(0)-1684156780:293753),systemResources.CPU_05,19210,0.00 percent
2023-05-15 22:19:40,(2(0)-1684156780:293765),systemResources.CPU_06,19211,5.88 percent
2023-05-15 22:19:40,(2(0)-1684156780:293777),systemResources.CPU_07,19212,0.00 percent
2023-05-15 22:19:40,(2(0)-1684156780:293777),systemResources.CPU,19204,2.36 percent
2023-05-15 22:19:40,(2(0)-1684156780:293793),systemResources.FRAMEWORK_VERSION,19221,v3.2.0
2023-05-15 22:19:40,(2(0)-1684156780:293795),systemResources.PROJECT_VERSION,19222,v3.2.0
2023-05-15 22:19:41,(2(0)-1684156781:315322),blockDrv.BD_Cycles,256,19
2023-05-15 22:19:42,(2(0)-1684156782:315621),blockDrv.BD_Cycles,256,20
2023-05-15 22:19:41,(2(0)-1684156781:315416),systemResources.CPU_00,19205,4.85 percent
2023-05-15 22:19:41,(2(0)-1684156781:315432),systemResources.CPU_01,19206,5.43 percent
2023-05-15 22:19:41,(2(0)-1684156781:315444),systemResources.CPU_02,19207,6.74 percent
2023-05-15 22:19:41,(2(0)-1684156781:315455),systemResources.CPU_03,19208,4.90 percent
2023-05-15 22:19:41,(2(0)-1684156781:315467),systemResources.CPU_04,19209,1.05 percent
2023-05-15 22:19:41,(2(0)-1684156781:315478),systemResources.CPU_05,19210,2.97 percent
2023-05-15 22:19:41,(2(0)-1684156781:315490),systemResources.CPU_06,19211,4.04 percent
2023-05-15 22:19:41,(2(0)-1684156781:315502),systemResources.CPU_07,19212,5.49 percent
2023-05-15 22:19:41,(2(0)-1684156781:315502),systemResources.CPU,19204,4.44 percent
2023-05-15 22:19:41,(2(0)-1684156781:315510),systemResources.FRAMEWORK_VERSION,19221,v3.2.0
2023-05-15 22:19:41,(2(0)-1684156781:315511),systemResources.PROJECT_VERSION,19222,v3.2.0
2023-05-15 22:19:42,(2(0)-1684156782:315722),systemResources.CPU_00,19205,2.02 percent
2023-05-15 22:19:42,(2(0)-1684156782:315736),systemResources.CPU_01,19206,1.02 percent
2023-05-15 22:19:42,(2(0)-1684156782:315749),systemResources.CPU_02,19207,1.03 percent
2023-05-15 22:19:42,(2(0)-1684156782:315761),systemResources.CPU_03,19208,1.02 percent
2023-05-15 22:19:42,(2(0)-1684156782:315773),systemResources.CPU_04,19209,1.02 percent
2023-05-15 22:19:42,(2(0)-1684156782:315785),systemResources.CPU_05,19210,4.00 percent
2023-05-15 22:19:42,(2(0)-1684156782:315798),systemResources.CPU_06,19211,2.04 percent
2023-05-15 22:19:42,(2(0)-1684156782:315812),systemResources.CPU_07,19212,1.14 percent
2023-05-15 22:19:42,(2(0)-1684156782:315812),systemResources.CPU,19204,1.66 percent
2023-05-15 22:19:42,(2(0)-1684156782:315822),systemResources.FRAMEWORK_VERSION,19221,v3.2.0
2023-05-15 22:19:42,(2(0)-1684156782:315823),systemResources.PROJECT_VERSION,19222,v3.2.0
2023-05-15 22:19:43,(2(0)-1684156783:400270),blockDrv.BD_Cycles,256,21
2023-05-15 22:19:42,(2(0)-1684156782:315697),fileUplinkBufferManager.HiBuffs,17410,1
2023-05-15 22:19:44,(2(0)-1684156784:686435),blockDrv.BD_Cycles,256,22
2023-05-15 22:19:43,(2(0)-1684156783:400387),systemResources.CPU_00,19205,1.83 percent
2023-05-15 22:19:43,(2(0)-1684156783:400423),systemResources.CPU_01,19206,0.93 percent
2023-05-15 22:19:43,(2(0)-1684156783:400436),systemResources.CPU_02,19207,1.85 percent
2023-05-15 22:19:43,(2(0)-1684156783:400448),systemResources.CPU_03,19208,0.92 percent
2023-05-15 22:19:43,(2(0)-1684156783:400460),systemResources.CPU_04,19209,0.00 percent
2023-05-15 22:19:43,(2(0)-1684156783:400471),systemResources.CPU_05,19210,0.93 percent
2023-05-15 22:19:43,(2(0)-1684156783:400482),systemResources.CPU_06,19211,0.00 percent
2023-05-15 22:19:43,(2(0)-1684156783:400494),systemResources.CPU_07,19212,0.00 percent
2023-05-15 22:19:43,(2(0)-1684156783:400495),systemResources.CPU,19204,0.81 percent
2023-05-15 22:19:43,(2(0)-1684156783:400504),systemResources.FRAMEWORK_VERSION,19221,v3.2.0
2023-05-15 22:19:43,(2(0)-1684156783:400504),systemResources.PROJECT_VERSION,19222,v3.2.0
2023-05-15 22:19:44,(2(0)-1684156784:686569),systemResources.CPU_00,19205,0.00 percent
2023-05-15 22:19:44,(2(0)-1684156784:686585),systemResources.CPU_01,19206,0.00 percent
2023-05-15 22:19:44,(2(0)-1684156784:686596),systemResources.CPU_02,19207,1.55 percent
2023-05-15 22:19:44,(2(0)-1684156784:686608),systemResources.CPU_03,19208,1.54 percent
2023-05-15 22:19:44,(2(0)-1684156784:686620),systemResources.CPU_04,19209,0.00 percent
2023-05-15 22:19:44,(2(0)-1684156784:686631),systemResources.CPU_05,19210,0.00 percent
2023-05-15 22:19:44,(2(0)-1684156784:686643),systemResources.CPU_06,19211,0.78 percent
2023-05-15 22:19:44,(2(0)-1684156784:686654),systemResources.CPU_07,19212,0.00 percent
2023-05-15 22:19:44,(2(0)-1684156784:686655),systemResources.CPU,19204,0.48 percent
2023-05-15 22:19:44,(2(0)-1684156784:686665),systemResources.FRAMEWORK_VERSION,19221,v3.2.0
2023-05-15 22:19:44,(2(0)-1684156784:686666),systemResources.PROJECT_VERSION,19222,v3.2.0
2023-05-15 22:19:45,(2(0)-1684156785:747088),blockDrv.BD_Cycles,256,23
2023-05-15 22:19:46,(2(0)-1684156786:772483),blockDrv.BD_Cycles,256,24
2023-05-15 22:19:45,(2(0)-1684156785:747254),systemResources.CPU_00,19205,0.00 percent
2023-05-15 22:19:45,(2(0)-1684156785:747278),systemResources.CPU_01,19206,0.00 percent
2023-05-15 22:19:45,(2(0)-1684156785:747291),systemResources.CPU_02,19207,0.00 percent
2023-05-15 22:19:45,(2(0)-1684156785:747303),systemResources.CPU_03,19208,0.00 percent
2023-05-15 22:19:45,(2(0)-1684156785:747316),systemResources.CPU_04,19209,0.94 percent
2023-05-15 22:19:45,(2(0)-1684156785:747327),systemResources.CPU_05,19210,0.00 percent
2023-05-15 22:19:45,(2(0)-1684156785:747340),systemResources.CPU_06,19211,0.94 percent
2023-05-15 22:19:45,(2(0)-1684156785:747352),systemResources.CPU_07,19212,0.00 percent
2023-05-15 22:19:45,(2(0)-1684156785:747352),systemResources.CPU,19204,0.24 percent
2023-05-15 22:19:45,(2(0)-1684156785:747360),systemResources.FRAMEWORK_VERSION,19221,v3.2.0
2023-05-15 22:19:45,(2(0)-1684156785:747361),systemResources.PROJECT_VERSION,19222,v3.2.0
2023-05-15 22:19:46,(2(0)-1684156786:772580),systemResources.CPU_00,19205,0.97 percent
2023-05-15 22:19:46,(2(0)-1684156786:772594),systemResources.CPU_01,19206,0.97 percent
2023-05-15 22:19:46,(2(0)-1684156786:772606),systemResources.CPU_02,19207,0.00 percent
2023-05-15 22:19:46,(2(0)-1684156786:772618),systemResources.CPU_03,19208,0.00 percent
2023-05-15 22:19:46,(2(0)-1684156786:772629),systemResources.CPU_04,19209,0.00 percent
2023-05-15 22:19:46,(2(0)-1684156786:772641),systemResources.CPU_05,19210,0.00 percent
2023-05-15 22:19:46,(2(0)-1684156786:772653),systemResources.CPU_06,19211,0.00 percent
2023-05-15 22:19:46,(2(0)-1684156786:772670),systemResources.CPU_07,19212,0.00 percent
2023-05-15 22:19:46,(2(0)-1684156786:772672),systemResources.CPU,19204,0.24 percent
2023-05-15 22:19:46,(2(0)-1684156786:772686),systemResources.FRAMEWORK_VERSION,19221,v3.2.0
2023-05-15 22:19:46,(2(0)-1684156786:772687),systemResources.PROJECT_VERSION,19222,v3.2.0
2023-05-15 22:19:47,(2(0)-1684156787:842393),blockDrv.BD_Cycles,256,25
2023-05-15 22:19:48,(2(0)-1684156788:842582),blockDrv.BD_Cycles,256,26
2023-05-15 22:19:47,(2(0)-1684156787:842514),systemResources.CPU_00,19205,0.93 percent
2023-05-15 22:19:47,(2(0)-1684156787:842529),systemResources.CPU_01,19206,0.00 percent
2023-05-15 22:19:47,(2(0)-1684156787:842542),systemResources.CPU_02,19207,0.93 percent
2023-05-15 22:19:47,(2(0)-1684156787:842554),systemResources.CPU_03,19208,0.00 percent
2023-05-15 22:19:47,(2(0)-1684156787:842567),systemResources.CPU_04,19209,0.93 percent
2023-05-15 22:19:47,(2(0)-1684156787:842579),systemResources.CPU_05,19210,0.00 percent
2023-05-15 22:19:47,(2(0)-1684156787:842591),systemResources.CPU_06,19211,0.00 percent
2023-05-15 22:19:47,(2(0)-1684156787:842603),systemResources.CPU_07,19212,0.00 percent
2023-05-15 22:19:47,(2(0)-1684156787:842603),systemResources.CPU,19204,0.35 percent
2023-05-15 22:19:47,(2(0)-1684156787:842615),systemResources.FRAMEWORK_VERSION,19221,v3.2.0
2023-05-15 22:19:47,(2(0)-1684156787:842616),systemResources.PROJECT_VERSION,19222,v3.2.0
2023-05-15 22:19:48,(2(0)-1684156788:842699),systemResources.CPU_00,19205,1.01 percent
2023-05-15 22:19:48,(2(0)-1684156788:842714),systemResources.CPU_01,19206,1.00 percent
2023-05-15 22:19:48,(2(0)-1684156788:842726),systemResources.CPU_02,19207,0.00 percent
2023-05-15 22:19:48,(2(0)-1684156788:842738),systemResources.CPU_03,19208,0.00 percent
2023-05-15 22:19:48,(2(0)-1684156788:842749),systemResources.CPU_04,19209,1.01 percent
2023-05-15 22:19:48,(2(0)-1684156788:842761),systemResources.CPU_05,19210,1.00 percent
2023-05-15 22:19:48,(2(0)-1684156788:842773),systemResources.CPU_06,19211,1.00 percent
2023-05-15 22:19:48,(2(0)-1684156788:842787),systemResources.CPU_07,19212,1.01 percent
2023-05-15 22:19:48,(2(0)-1684156788:842787),systemResources.CPU,19204,0.75 percent
2023-05-15 22:19:48,(2(0)-1684156788:842796),systemResources.FRAMEWORK_VERSION,19221,v3.2.0
2023-05-15 22:19:48,(2(0)-1684156788:842797),systemResources.PROJECT_VERSION,19222,v3.2.0
2023-05-15 22:19:49,(2(0)-1684156789:886291),blockDrv.BD_Cycles,256,27
2023-05-15 22:19:50,(2(0)-1684156790:961216),blockDrv.BD_Cycles,256,28
2023-05-15 22:19:49,(2(0)-1684156789:886969),systemResources.CPU_00,19205,0.00 percent
2023-05-15 22:19:49,(2(0)-1684156789:886984),systemResources.CPU_01,19206,1.92 percent
2023-05-15 22:19:49,(2(0)-1684156789:886996),systemResources.CPU_02,19207,0.95 percent
2023-05-15 22:19:49,(2(0)-1684156789:887007),systemResources.CPU_03,19208,0.00 percent
2023-05-15 22:19:49,(2(0)-1684156789:887019),systemResources.CPU_04,19209,0.95 percent
2023-05-15 22:19:49,(2(0)-1684156789:887030),systemResources.CPU_05,19210,0.00 percent
2023-05-15 22:19:49,(2(0)-1684156789:887042),systemResources.CPU_06,19211,0.96 percent
2023-05-15 22:19:49,(2(0)-1684156789:887053),systemResources.CPU_07,19212,0.00 percent
2023-05-15 22:19:49,(2(0)-1684156789:887054),systemResources.CPU,19204,0.60 percent
2023-05-15 22:19:49,(2(0)-1684156789:887063),systemResources.FRAMEWORK_VERSION,19221,v3.2.0
2023-05-15 22:19:49,(2(0)-1684156789:887064),systemResources.PROJECT_VERSION,19222,v3.2.0
2023-05-15 22:19:49,(2(0)-1684156789:887065),rateGroup1Comp.RgMaxTime,512,791 us
2023-05-15 22:19:50,(2(0)-1684156790:961312),systemResources.CPU_00,19205,1.85 percent
2023-05-15 22:19:50,(2(0)-1684156790:961325),systemResources.CPU_01,19206,0.94 percent
2023-05-15 22:19:50,(2(0)-1684156790:961338),systemResources.CPU_02,19207,0.00 percent
2023-05-15 22:19:50,(2(0)-1684156790:961350),systemResources.CPU_03,19208,2.78 percent
2023-05-15 22:19:50,(2(0)-1684156790:961362),systemResources.CPU_04,19209,0.93 percent
2023-05-15 22:19:50,(2(0)-1684156790:961374),systemResources.CPU_05,19210,1.85 percent
2023-05-15 22:19:50,(2(0)-1684156790:961386),systemResources.CPU_06,19211,0.95 percent
2023-05-15 22:19:50,(2(0)-1684156790:961397),systemResources.CPU_07,19212,0.93 percent
2023-05-15 22:19:50,(2(0)-1684156790:961398),systemResources.CPU,19204,1.28 percent
2023-05-15 22:19:50,(2(0)-1684156790:961404),systemResources.FRAMEWORK_VERSION,19221,v3.2.0
2023-05-15 22:19:50,(2(0)-1684156790:961405),systemResources.PROJECT_VERSION,19222,v3.2.0
2023-05-15 22:19:51,(2(0)-1684156791:962125),blockDrv.BD_Cycles,256,29
2023-05-15 22:19:52,(2(0)-1684156792:962943),blockDrv.BD_Cycles,256,30
2023-05-15 22:19:51,(2(0)-1684156791:962240),systemResources.CPU_00,19205,1.02 percent
2023-05-15 22:19:51,(2(0)-1684156791:962255),systemResources.CPU_01,19206,0.00 percent
2023-05-15 22:19:51,(2(0)-1684156791:962267),systemResources.CPU_02,19207,4.12 percent
2023-05-15 22:19:51,(2(0)-1684156791:962279),systemResources.CPU_03,19208,3.23 percent
2023-05-15 22:19:51,(2(0)-1684156791:962290),systemResources.CPU_04,19209,3.06 percent
2023-05-15 22:19:51,(2(0)-1684156791:962302),systemResources.CPU_05,19210,0.00 percent
2023-05-15 22:19:51,(2(0)-1684156791:962313),systemResources.CPU_06,19211,2.02 percent
2023-05-15 22:19:51,(2(0)-1684156791:962325),systemResources.CPU_07,19212,2.02 percent
2023-05-15 22:19:51,(2(0)-1684156791:962325),systemResources.CPU,19204,1.93 percent
2023-05-15 22:19:51,(2(0)-1684156791:962334),systemResources.FRAMEWORK_VERSION,19221,v3.2.0
2023-05-15 22:19:51,(2(0)-1684156791:962335),systemResources.PROJECT_VERSION,19222,v3.2.0
2023-05-15 22:19:52,(2(0)-1684156792:963068),systemResources.CPU_00,19205,2.02 percent
2023-05-15 22:19:52,(2(0)-1684156792:963083),systemResources.CPU_01,19206,2.04 percent
2023-05-15 22:19:52,(2(0)-1684156792:963095),systemResources.CPU_02,19207,2.00 percent
2023-05-15 22:19:52,(2(0)-1684156792:963107),systemResources.CPU_03,19208,2.06 percent
2023-05-15 22:19:52,(2(0)-1684156792:963118),systemResources.CPU_04,19209,1.03 percent
2023-05-15 22:19:52,(2(0)-1684156792:963130),systemResources.CPU_05,19210,3.06 percent
2023-05-15 22:19:52,(2(0)-1684156792:963142),systemResources.CPU_06,19211,1.02 percent
2023-05-15 22:19:52,(2(0)-1684156792:963154),systemResources.CPU_07,19212,2.25 percent
2023-05-15 22:19:52,(2(0)-1684156792:963154),systemResources.CPU,19204,1.94 percent
2023-05-15 22:19:52,(2(0)-1684156792:963182),systemResources.FRAMEWORK_VERSION,19221,v3.2.0
2023-05-15 22:19:52,(2(0)-1684156792:963183),systemResources.PROJECT_VERSION,19222,v3.2.0
2023-05-15 22:19:53,(2(0)-1684156793:963963),blockDrv.BD_Cycles,256,31
2023-05-15 22:19:54,(2(0)-1684156794:964699),blockDrv.BD_Cycles,256,32
2023-05-15 22:19:53,(2(0)-1684156793:964060),systemResources.CPU_00,19205,2.02 percent
2023-05-15 22:19:53,(2(0)-1684156793:964076),systemResources.CPU_01,19206,2.00 percent
2023-05-15 22:19:53,(2(0)-1684156793:964088),systemResources.CPU_02,19207,1.01 percent
2023-05-15 22:19:53,(2(0)-1684156793:964100),systemResources.CPU_03,19208,1.08 percent
2023-05-15 22:19:53,(2(0)-1684156793:964111),systemResources.CPU_04,19209,3.03 percent
2023-05-15 22:19:53,(2(0)-1684156793:964124),systemResources.CPU_05,19210,4.90 percent
2023-05-15 22:19:53,(2(0)-1684156793:964135),systemResources.CPU_06,19211,1.01 percent
2023-05-15 22:19:53,(2(0)-1684156793:964147),systemResources.CPU_07,19212,0.00 percent
2023-05-15 22:19:53,(2(0)-1684156793:964147),systemResources.CPU,19204,1.88 percent
2023-05-15 22:19:53,(2(0)-1684156793:964154),systemResources.FRAMEWORK_VERSION,19221,v3.2.0
2023-05-15 22:19:53,(2(0)-1684156793:964155),systemResources.PROJECT_VERSION,19222,v3.2.0
2023-05-15 22:19:54,(2(0)-1684156794:964832),systemResources.CPU_00,19205,0.00 percent
2023-05-15 22:19:54,(2(0)-1684156794:964847),systemResources.CPU_01,19206,0.00 percent
2023-05-15 22:19:54,(2(0)-1684156794:964860),systemResources.CPU_02,19207,0.00 percent
2023-05-15 22:19:54,(2(0)-1684156794:964872),systemResources.CPU_03,19208,0.00 percent
2023-05-15 22:19:54,(2(0)-1684156794:964884),systemResources.CPU_04,19209,0.00 percent
2023-05-15 22:19:54,(2(0)-1684156794:964898),systemResources.CPU_05,19210,0.00 percent
2023-05-15 22:19:54,(2(0)-1684156794:964909),systemResources.CPU_06,19211,0.00 percent
2023-05-15 22:19:54,(2(0)-1684156794:964921),systemResources.CPU_07,19212,0.00 percent
2023-05-15 22:19:54,(2(0)-1684156794:964922),systemResources.CPU,19204,0.00 percent
2023-05-15 22:19:54,(2(0)-1684156794:964931),systemResources.FRAMEWORK_VERSION,19221,v3.2.0
2023-05-15 22:19:54,(2(0)-1684156794:964932),systemResources.PROJECT_VERSION,19222,v3.2.0
2023-05-15 22:19:56,(2(0)-1684156796:38982),blockDrv.BD_Cycles,256,33
2023-05-15 22:19:57,(2(0)-1684156797:40224),blockDrv.BD_Cycles,256,34
2023-05-15 22:19:56,(2(0)-1684156796:39115),systemResources.CPU_00,19205,0.00 percent
2023-05-15 22:19:56,(2(0)-1684156796:39129),systemResources.CPU_01,19206,0.00 percent
2023-05-15 22:19:56,(2(0)-1684156796:39140),systemResources.CPU_02,19207,2.75 percent
2023-05-15 22:19:56,(2(0)-1684156796:39152),systemResources.CPU_03,19208,0.00 percent
2023-05-15 22:19:56,(2(0)-1684156796:39166),systemResources.CPU_04,19209,0.00 percent
2023-05-15 22:19:56,(2(0)-1684156796:39183),systemResources.CPU_05,19210,0.00 percent
2023-05-15 22:19:56,(2(0)-1684156796:39199),systemResources.CPU_06,19211,0.00 percent
2023-05-15 22:19:56,(2(0)-1684156796:39214),systemResources.CPU_07,19212,0.00 percent
2023-05-15 22:19:56,(2(0)-1684156796:39214),systemResources.CPU,19204,0.34 percent
2023-05-15 22:19:56,(2(0)-1684156796:39224),systemResources.FRAMEWORK_VERSION,19221,v3.2.0
2023-05-15 22:19:56,(2(0)-1684156796:39225),systemResources.PROJECT_VERSION,19222,v3.2.0
2023-05-15 22:19:57,(2(0)-1684156797:40339),systemResources.CPU_00,19205,3.03 percent
2023-05-15 22:19:57,(2(0)-1684156797:40375),systemResources.CPU_01,19206,3.00 percent
2023-05-15 22:19:57,(2(0)-1684156797:40388),systemResources.CPU_02,19207,1.02 percent
2023-05-15 22:19:57,(2(0)-1684156797:40400),systemResources.CPU_03,19208,3.92 percent
2023-05-15 22:19:57,(2(0)-1684156797:40412),systemResources.CPU_04,19209,1.01 percent
2023-05-15 22:19:57,(2(0)-1684156797:40423),systemResources.CPU_05,19210,2.00 percent
2023-05-15 22:19:57,(2(0)-1684156797:40434),systemResources.CPU_06,19211,1.02 percent
2023-05-15 22:19:57,(2(0)-1684156797:40446),systemResources.CPU_07,19212,0.00 percent
2023-05-15 22:19:57,(2(0)-1684156797:40447),systemResources.CPU,19204,1.88 percent
2023-05-15 22:19:57,(2(0)-1684156797:40470),systemResources.FRAMEWORK_VERSION,19221,v3.2.0
2023-05-15 22:19:57,(2(0)-1684156797:40472),systemResources.PROJECT_VERSION,19222,v3.2.0
2023-05-15 22:19:58,(2(0)-1684156798:91006),blockDrv.BD_Cycles,256,35
2023-05-15 22:19:57,(2(0)-1684156797:348059),cmdDisp.CommandsDispatched,1280,2
2023-05-15 22:19:59,(2(0)-1684156799:382718),blockDrv.BD_Cycles,256,36
2023-05-15 22:19:58,(2(0)-1684156798:91128),systemResources.CPU_00,19205,3.88 percent
2023-05-15 22:19:58,(2(0)-1684156798:91142),systemResources.CPU_01,19206,3.85 percent
2023-05-15 22:19:58,(2(0)-1684156798:91154),systemResources.CPU_02,19207,4.85 percent
2023-05-15 22:19:58,(2(0)-1684156798:91166),systemResources.CPU_03,19208,0.99 percent
2023-05-15 22:19:58,(2(0)-1684156798:91178),systemResources.CPU_04,19209,4.81 percent
2023-05-15 22:19:58,(2(0)-1684156798:91191),systemResources.CPU_05,19210,3.85 percent
2023-05-15 22:19:58,(2(0)-1684156798:91207),systemResources.CPU_06,19211,2.91 percent
2023-05-15 22:19:58,(2(0)-1684156798:91223),systemResources.CPU_07,19212,5.00 percent
2023-05-15 22:19:58,(2(0)-1684156798:91224),systemResources.CPU,19204,3.77 percent
2023-05-15 22:19:58,(2(0)-1684156798:91235),systemResources.FRAMEWORK_VERSION,19221,v3.2.0
2023-05-15 22:19:58,(2(0)-1684156798:91237),systemResources.PROJECT_VERSION,19222,v3.2.0
2023-05-15 22:19:59,(2(0)-1684156799:382839),systemResources.CPU_00,19205,4.72 percent
2023-05-15 22:19:59,(2(0)-1684156799:382856),systemResources.CPU_01,19206,2.38 percent
2023-05-15 22:19:59,(2(0)-1684156799:382872),systemResources.CPU_02,19207,2.40 percent
2023-05-15 22:19:59,(2(0)-1684156799:382887),systemResources.CPU_03,19208,2.46 percent
2023-05-15 22:19:59,(2(0)-1684156799:382902),systemResources.CPU_04,19209,3.15 percent
2023-05-15 22:19:59,(2(0)-1684156799:382917),systemResources.CPU_05,19210,5.38 percent
2023-05-15 22:19:59,(2(0)-1684156799:382963),systemResources.CPU_06,19211,2.36 percent
2023-05-15 22:19:59,(2(0)-1684156799:382986),systemResources.CPU_07,19212,2.46 percent
2023-05-15 22:19:59,(2(0)-1684156799:382987),systemResources.CPU,19204,3.16 percent
2023-05-15 22:19:59,(2(0)-1684156799:382997),systemResources.FRAMEWORK_VERSION,19221,v3.2.0
2023-05-15 22:19:59,(2(0)-1684156799:382999),systemResources.PROJECT_VERSION,19222,v3.2.0
2023-05-15 22:20:00,(2(0)-1684156800:427206),blockDrv.BD_Cycles,256,37
2023-05-15 22:19:59,(2(0)-1684156799:382821),rateGroup2Comp.RgMaxTime,768,131 us
2023-05-15 22:20:01,(2(0)-1684156801:509324),blockDrv.BD_Cycles,256,38
2023-05-15 22:20:00,(2(0)-1684156800:427368),systemResources.CPU_00,19205,0.00 percent
2023-05-15 22:20:00,(2(0)-1684156800:427387),systemResources.CPU_01,19206,0.96 percent
2023-05-15 22:20:00,(2(0)-1684156800:427403),systemResources.CPU_02,19207,0.00 percent
2023-05-15 22:20:00,(2(0)-1684156800:427417),systemResources.CPU_03,19208,2.88 percent
2023-05-15 22:20:00,(2(0)-1684156800:427432),systemResources.CPU_04,19209,0.97 percent
2023-05-15 22:20:00,(2(0)-1684156800:427447),systemResources.CPU_05,19210,1.92 percent
2023-05-15 22:20:00,(2(0)-1684156800:427461),systemResources.CPU_06,19211,0.97 percent
2023-05-15 22:20:00,(2(0)-1684156800:427476),systemResources.CPU_07,19212,0.00 percent
2023-05-15 22:20:00,(2(0)-1684156800:427476),systemResources.CPU,19204,0.96 percent
2023-05-15 22:20:00,(2(0)-1684156800:427485),systemResources.FRAMEWORK_VERSION,19221,v3.2.0
2023-05-15 22:20:00,(2(0)-1684156800:427486),systemResources.PROJECT_VERSION,19222,v3.2.0
2023-05-15 22:20:01,(2(0)-1684156801:509447),systemResources.CPU_00,19205,1.83 percent
2023-05-15 22:20:01,(2(0)-1684156801:509461),systemResources.CPU_01,19206,1.83 percent
2023-05-15 22:20:01,(2(0)-1684156801:509473),systemResources.CPU_02,19207,0.00 percent
2023-05-15 22:20:01,(2(0)-1684156801:509484),systemResources.CPU_03,19208,0.00 percent
2023-05-15 22:20:01,(2(0)-1684156801:509495),systemResources.CPU_04,19209,0.93 percent
2023-05-15 22:20:01,(2(0)-1684156801:509507),systemResources.CPU_05,19210,0.93 percent
2023-05-15 22:20:01,(2(0)-1684156801:509518),systemResources.CPU_06,19211,0.00 percent
2023-05-15 22:20:01,(2(0)-1684156801:509530),systemResources.CPU_07,19212,0.00 percent
2023-05-15 22:20:01,(2(0)-1684156801:509530),systemResources.CPU,19204,0.69 percent
2023-05-15 22:20:01,(2(0)-1684156801:509539),systemResources.FRAMEWORK_VERSION,19221,v3.2.0
2023-05-15 22:20:01,(2(0)-1684156801:509540),systemResources.PROJECT_VERSION,19222,v3.2.0
2023-05-15 22:20:02,(2(0)-1684156802:563051),blockDrv.BD_Cycles,256,39
2023-05-15 22:20:03,(2(0)-1684156803:657388),blockDrv.BD_Cycles,256,40
2023-05-15 22:20:02,(2(0)-1684156802:563188),systemResources.CPU_00,19205,4.76 percent
2023-05-15 22:20:02,(2(0)-1684156802:563212),systemResources.CPU_01,19206,1.92 percent
2023-05-15 22:20:02,(2(0)-1684156802:563233),systemResources.CPU_02,19207,5.66 percent
2023-05-15 22:20:02,(2(0)-1684156802:563254),systemResources.CPU_03,19208,1.98 percent
2023-05-15 22:20:02,(2(0)-1684156802:563277),systemResources.CPU_04,19209,1.00 percent
2023-05-15 22:20:02,(2(0)-1684156802:563294),systemResources.CPU_05,19210,4.76 percent
2023-05-15 22:20:02,(2(0)-1684156802:563315),systemResources.CPU_06,19211,2.86 percent
2023-05-15 22:20:02,(2(0)-1684156802:563335),systemResources.CPU_07,19212,2.13 percent
2023-05-15 22:20:02,(2(0)-1684156802:563336),systemResources.CPU,19204,3.13 percent
2023-05-15 22:20:02,(2(0)-1684156802:563348),systemResources.FRAMEWORK_VERSION,19221,v3.2.0
2023-05-15 22:20:02,(2(0)-1684156802:563350),systemResources.PROJECT_VERSION,19222,v3.2.0
2023-05-15 22:20:03,(2(0)-1684156803:657542),systemResources.CPU_00,19205,2.78 percent
2023-05-15 22:20:03,(2(0)-1684156803:657563),systemResources.CPU_01,19206,2.78 percent
2023-05-15 22:20:03,(2(0)-1684156803:657582),systemResources.CPU_02,19207,0.94 percent
2023-05-15 22:20:03,(2(0)-1684156803:657600),systemResources.CPU_03,19208,0.00 percent
2023-05-15 22:20:03,(2(0)-1684156803:657619),systemResources.CPU_04,19209,0.93 percent
2023-05-15 22:20:03,(2(0)-1684156803:657637),systemResources.CPU_05,19210,1.87 percent
2023-05-15 22:20:03,(2(0)-1684156803:657655),systemResources.CPU_06,19211,0.00 percent
2023-05-15 22:20:03,(2(0)-1684156803:657674),systemResources.CPU_07,19212,2.75 percent
2023-05-15 22:20:03,(2(0)-1684156803:657674),systemResources.CPU,19204,1.51 percent
2023-05-15 22:20:03,(2(0)-1684156803:657685),systemResources.FRAMEWORK_VERSION,19221,v3.2.0
2023-05-15 22:20:03,(2(0)-1684156803:657686),systemResources.PROJECT_VERSION,19222,v3.2.0
2023-05-15 22:20:05,(2(0)-1684156805:176460),blockDrv.BD_Cycles,256,41
2023-05-15 22:20:06,(2(0)-1684156806:193285),blockDrv.BD_Cycles,256,42
2023-05-15 22:20:05,(2(0)-1684156805:176563),systemResources.CPU_00,19205,1.99 percent
2023-05-15 22:20:05,(2(0)-1684156805:176577),systemResources.CPU_01,19206,3.29 percent
2023-05-15 22:20:05,(2(0)-1684156805:176589),systemResources.CPU_02,19207,3.31 percent
2023-05-15 22:20:05,(2(0)-1684156805:176601),systemResources.CPU_03,19208,1.34 percent
2023-05-15 22:20:05,(2(0)-1684156805:176613),systemResources.CPU_04,19209,2.00 percent
2023-05-15 22:20:05,(2(0)-1684156805:176624),systemResources.CPU_05,19210,3.31 percent
2023-05-15 22:20:05,(2(0)-1684156805:176635),systemResources.CPU_06,19211,1.33 percent
2023-05-15 22:20:05,(2(0)-1684156805:176647),systemResources.CPU_07,19212,0.67 percent
2023-05-15 22:20:05,(2(0)-1684156805:176647),systemResources.CPU,19204,2.16 percent
2023-05-15 22:20:05,(2(0)-1684156805:176656),systemResources.FRAMEWORK_VERSION,19221,v3.2.0
2023-05-15 22:20:05,(2(0)-1684156805:176657),systemResources.PROJECT_VERSION,19222,v3.2.0
2023-05-15 22:20:06,(2(0)-1684156806:193509),systemResources.CPU_00,19205,1.00 percent
2023-05-15 22:20:06,(2(0)-1684156806:193539),systemResources.CPU_01,19206,0.99 percent
2023-05-15 22:20:06,(2(0)-1684156806:193557),systemResources.CPU_02,19207,0.00 percent
2023-05-15 22:20:06,(2(0)-1684156806:193573),systemResources.CPU_03,19208,1.96 percent
2023-05-15 22:20:06,(2(0)-1684156806:193590),systemResources.CPU_04,19209,0.99 percent
2023-05-15 22:20:06,(2(0)-1684156806:193618),systemResources.CPU_05,19210,0.99 percent
2023-05-15 22:20:06,(2(0)-1684156806:193635),systemResources.CPU_06,19211,1.96 percent
2023-05-15 22:20:06,(2(0)-1684156806:193671),systemResources.CPU_07,19212,1.96 percent
2023-05-15 22:20:06,(2(0)-1684156806:193672),systemResources.CPU,19204,1.23 percent
2023-05-15 22:20:06,(2(0)-1684156806:193684),systemResources.FRAMEWORK_VERSION,19221,v3.2.0
2023-05-15 22:20:06,(2(0)-1684156806:193685),systemResources.PROJECT_VERSION,19222,v3.2.0
2023-05-15 22:20:08,(2(0)-1684156808:223994),blockDrv.BD_Cycles,256,43
2023-05-15 22:20:09,(2(0)-1684156809:519611),blockDrv.BD_Cycles,256,44
2023-05-15 22:20:09,(2(0)-1684156809:519854),rateGroup2Comp.RgMaxTime,768,264 us
2023-05-15 22:20:09,(2(0)-1684156809:519713),systemResources.CPU_00,19205,2.31 percent
2023-05-15 22:20:09,(2(0)-1684156809:519731),systemResources.CPU_01,19206,0.79 percent
2023-05-15 22:20:09,(2(0)-1684156809:519746),systemResources.CPU_02,19207,2.33 percent
2023-05-15 22:20:09,(2(0)-1684156809:519762),systemResources.CPU_03,19208,2.33 percent
2023-05-15 22:20:09,(2(0)-1684156809:519777),systemResources.CPU_04,19209,2.33 percent
2023-05-15 22:20:09,(2(0)-1684156809:519791),systemResources.CPU_05,19210,0.00 percent
2023-05-15 22:20:09,(2(0)-1684156809:519806),systemResources.CPU_06,19211,2.31 percent
2023-05-15 22:20:09,(2(0)-1684156809:519821),systemResources.CPU_07,19212,1.55 percent
2023-05-15 22:20:09,(2(0)-1684156809:519822),systemResources.CPU,19204,1.74 percent
2023-05-15 22:20:09,(2(0)-1684156809:519830),systemResources.FRAMEWORK_VERSION,19221,v3.2.0
2023-05-15 22:20:09,(2(0)-1684156809:519831),systemResources.PROJECT_VERSION,19222,v3.2.0
2023-05-15 22:20:09,(2(0)-1684156809:520087),rateGroup3Comp.RgMaxTime,1024,497 us
2023-05-15 22:20:10,(2(0)-1684156810:538406),blockDrv.BD_Cycles,256,45
2023-05-15 22:20:11,(2(0)-1684156811:629287),blockDrv.BD_Cycles,256,46
2023-05-15 22:20:10,(2(0)-1684156810:538560),systemResources.CPU_00,19205,4.90 percent
2023-05-15 22:20:10,(2(0)-1684156810:538575),systemResources.CPU_01,19206,3.96 percent
2023-05-15 22:20:10,(2(0)-1684156810:538587),systemResources.CPU_02,19207,3.96 percent
2023-05-15 22:20:10,(2(0)-1684156810:538599),systemResources.CPU_03,19208,2.02 percent
2023-05-15 22:20:10,(2(0)-1684156810:538612),systemResources.CPU_04,19209,2.97 percent
2023-05-15 22:20:10,(2(0)-1684156810:538624),systemResources.CPU_05,19210,2.97 percent
2023-05-15 22:20:10,(2(0)-1684156810:538635),systemResources.CPU_06,19211,4.90 percent
2023-05-15 22:20:10,(2(0)-1684156810:538648),systemResources.CPU_07,19212,3.96 percent
2023-05-15 22:20:10,(2(0)-1684156810:538648),systemResources.CPU,19204,3.71 percent
2023-05-15 22:20:10,(2(0)-1684156810:538657),systemResources.FRAMEWORK_VERSION,19221,v3.2.0
2023-05-15 22:20:10,(2(0)-1684156810:538658),systemResources.PROJECT_VERSION,19222,v3.2.0
2023-05-15 22:20:11,(2(0)-1684156811:629408),systemResources.CPU_00,19205,2.80 percent
2023-05-15 22:20:11,(2(0)-1684156811:629423),systemResources.CPU_01,19206,3.96 percent
2023-05-15 22:20:11,(2(0)-1684156811:629435),systemResources.CPU_02,19207,1.87 percent
2023-05-15 22:20:11,(2(0)-1684156811:629447),systemResources.CPU_03,19208,0.00 percent
2023-05-15 22:20:11,(2(0)-1684156811:629458),systemResources.CPU_04,19209,0.00 percent
2023-05-15 22:20:11,(2(0)-1684156811:629469),systemResources.CPU_05,19210,1.89 percent
2023-05-15 22:20:11,(2(0)-1684156811:629481),systemResources.CPU_06,19211,0.93 percent
2023-05-15 22:20:11,(2(0)-1684156811:629493),systemResources.CPU_07,19212,0.93 percent
2023-05-15 22:20:11,(2(0)-1684156811:629493),systemResources.CPU,19204,1.55 percent
2023-05-15 22:20:11,(2(0)-1684156811:629502),systemResources.FRAMEWORK_VERSION,19221,v3.2.0
2023-05-15 22:20:11,(2(0)-1684156811:629503),systemResources.PROJECT_VERSION,19222,v3.2.0
2023-05-15 22:20:12,(2(0)-1684156812:648733),blockDrv.BD_Cycles,256,47
2023-05-15 22:20:13,(2(0)-1684156813:751431),blockDrv.BD_Cycles,256,48
2023-05-15 22:20:12,(2(0)-1684156812:648838),systemResources.CPU_00,19205,2.97 percent
2023-05-15 22:20:12,(2(0)-1684156812:648852),systemResources.CPU_01,19206,2.04 percent
2023-05-15 22:20:12,(2(0)-1684156812:648865),systemResources.CPU_02,19207,2.04 percent
2023-05-15 22:20:12,(2(0)-1684156812:648876),systemResources.CPU_03,19208,1.01 percent
2023-05-15 22:20:12,(2(0)-1684156812:648889),systemResources.CPU_04,19209,3.96 percent
2023-05-15 22:20:12,(2(0)-1684156812:648901),systemResources.CPU_05,19210,2.00 percent
2023-05-15 22:20:12,(2(0)-1684156812:648914),systemResources.CPU_06,19211,3.00 percent
2023-05-15 22:20:12,(2(0)-1684156812:648926),systemResources.CPU_07,19212,1.02 percent
2023-05-15 22:20:12,(2(0)-1684156812:648927),systemResources.CPU,19204,2.26 percent
2023-05-15 22:20:12,(2(0)-1684156812:648936),systemResources.FRAMEWORK_VERSION,19221,v3.2.0
2023-05-15 22:20:12,(2(0)-1684156812:648937),systemResources.PROJECT_VERSION,19222,v3.2.0
2023-05-15 22:20:13,(2(0)-1684156813:751606),systemResources.CPU_00,19205,0.93 percent
2023-05-15 22:20:13,(2(0)-1684156813:751623),systemResources.CPU_01,19206,0.00 percent
2023-05-15 22:20:13,(2(0)-1684156813:751637),systemResources.CPU_02,19207,0.00 percent
2023-05-15 22:20:13,(2(0)-1684156813:751649),systemResources.CPU_03,19208,0.93 percent
2023-05-15 22:20:13,(2(0)-1684156813:751662),systemResources.CPU_04,19209,0.93 percent
2023-05-15 22:20:13,(2(0)-1684156813:751674),systemResources.CPU_05,19210,1.83 percent
2023-05-15 22:20:13,(2(0)-1684156813:751686),systemResources.CPU_06,19211,0.93 percent
2023-05-15 22:20:13,(2(0)-1684156813:751698),systemResources.CPU_07,19212,0.92 percent
2023-05-15 22:20:13,(2(0)-1684156813:751699),systemResources.CPU,19204,0.81 percent
2023-05-15 22:20:13,(2(0)-1684156813:751708),systemResources.FRAMEWORK_VERSION,19221,v3.2.0
2023-05-15 22:20:13,(2(0)-1684156813:751709),systemResources.PROJECT_VERSION,19222,v3.2.0
2023-05-15 22:20:14,(2(0)-1684156814:859748),blockDrv.BD_Cycles,256,49
2023-05-15 22:20:15,(2(0)-1684156815:909856),blockDrv.BD_Cycles,256,50
2023-05-15 22:20:14,(2(0)-1684156814:859865),systemResources.CPU_00,19205,2.68 percent
2023-05-15 22:20:14,(2(0)-1684156814:859880),systemResources.CPU_01,19206,1.80 percent
2023-05-15 22:20:14,(2(0)-1684156814:859893),systemResources.CPU_02,19207,0.91 percent
2023-05-15 22:20:14,(2(0)-1684156814:859904),systemResources.CPU_03,19208,1.82 percent
2023-05-15 22:20:14,(2(0)-1684156814:859916),systemResources.CPU_04,19209,1.82 percent
2023-05-15 22:20:14,(2(0)-1684156814:859928),systemResources.CPU_05,19210,0.91 percent
2023-05-15 22:20:14,(2(0)-1684156814:859941),systemResources.CPU_06,19211,1.80 percent
2023-05-15 22:20:14,(2(0)-1684156814:859953),systemResources.CPU_07,19212,0.00 percent
2023-05-15 22:20:14,(2(0)-1684156814:859953),systemResources.CPU,19204,1.47 percent
2023-05-15 22:20:14,(2(0)-1684156814:859963),systemResources.FRAMEWORK_VERSION,19221,v3.2.0
2023-05-15 22:20:14,(2(0)-1684156814:859964),systemResources.PROJECT_VERSION,19222,v3.2.0
2023-05-15 22:20:15,(2(0)-1684156815:910135),systemResources.CPU_00,19205,1.92 percent
2023-05-15 22:20:15,(2(0)-1684156815:910182),systemResources.CPU_01,19206,0.96 percent
2023-05-15 22:20:15,(2(0)-1684156815:910195),systemResources.CPU_02,19207,0.96 percent
2023-05-15 22:20:15,(2(0)-1684156815:910207),systemResources.CPU_03,19208,0.95 percent
2023-05-15 22:20:15,(2(0)-1684156815:910219),systemResources.CPU_04,19209,1.89 percent
2023-05-15 22:20:15,(2(0)-1684156815:910231),systemResources.CPU_05,19210,0.96 percent
2023-05-15 22:20:15,(2(0)-1684156815:910243),systemResources.CPU_06,19211,0.96 percent
2023-05-15 22:20:15,(2(0)-1684156815:910256),systemResources.CPU_07,19212,0.00 percent
2023-05-15 22:20:15,(2(0)-1684156815:910256),systemResources.CPU,19204,1.08 percent
2023-05-15 22:20:15,(2(0)-1684156815:910266),systemResources.FRAMEWORK_VERSION,19221,v3.2.0
2023-05-15 22:20:15,(2(0)-1684156815:910267),systemResources.PROJECT_VERSION,19222,v3.2.0
2023-05-15 22:20:16,(2(0)-1684156816:955723),blockDrv.BD_Cycles,256,51
2023-05-15 22:20:17,(2(0)-1684156817:960421),blockDrv.BD_Cycles,256,52
2023-05-15 22:20:16,(2(0)-1684156816:955878),systemResources.CPU_00,19205,1.92 percent
2023-05-15 22:20:16,(2(0)-1684156816:955894),systemResources.CPU_01,19206,0.97 percent
2023-05-15 22:20:16,(2(0)-1684156816:955905),systemResources.CPU_02,19207,1.90 percent
2023-05-15 22:20:16,(2(0)-1684156816:955917),systemResources.CPU_03,19208,3.81 percent
2023-05-15 22:20:16,(2(0)-1684156816:955929),systemResources.CPU_04,19209,0.97 percent
2023-05-15 22:20:16,(2(0)-1684156816:955941),systemResources.CPU_05,19210,1.94 percent
2023-05-15 22:20:16,(2(0)-1684156816:955952),systemResources.CPU_06,19211,1.92 percent
2023-05-15 22:20:16,(2(0)-1684156816:955964),systemResources.CPU_07,19212,0.97 percent
2023-05-15 22:20:16,(2(0)-1684156816:955964),systemResources.CPU,19204,1.80 percent
2023-05-15 22:20:16,(2(0)-1684156816:955973),systemResources.FRAMEWORK_VERSION,19221,v3.2.0
2023-05-15 22:20:16,(2(0)-1684156816:955974),systemResources.PROJECT_VERSION,19222,v3.2.0
2023-05-15 22:20:17,(2(0)-1684156817:960521),systemResources.CPU_00,19205,3.96 percent
2023-05-15 22:20:17,(2(0)-1684156817:960537),systemResources.CPU_01,19206,2.04 percent
2023-05-15 22:20:17,(2(0)-1684156817:960550),systemResources.CPU_02,19207,2.02 percent
2023-05-15 22:20:17,(2(0)-1684156817:960601),systemResources.CPU_03,19208,0.00 percent
2023-05-15 22:20:17,(2(0)-1684156817:960615),systemResources.CPU_04,19209,2.08 percent
2023-05-15 22:20:17,(2(0)-1684156817:960628),systemResources.CPU_05,19210,0.00 percent
2023-05-15 22:20:17,(2(0)-1684156817:960640),systemResources.CPU_06,19211,2.04 percent
2023-05-15 22:20:17,(2(0)-1684156817:960653),systemResources.CPU_07,19212,1.00 percent
2023-05-15 22:20:17,(2(0)-1684156817:960653),systemResources.CPU,19204,1.64 percent
2023-05-15 22:20:17,(2(0)-1684156817:960661),systemResources.FRAMEWORK_VERSION,19221,v3.2.0
2023-05-15 22:20:17,(2(0)-1684156817:960662),systemResources.PROJECT_VERSION,19222,v3.2.0
2023-05-15 22:20:18,(2(0)-1684156818:964259),blockDrv.BD_Cycles,256,53
2023-05-15 22:20:20,(2(0)-1684156820:211424),blockDrv.BD_Cycles,256,54
2023-05-15 22:20:18,(2(0)-1684156818:964355),systemResources.CPU_00,19205,9.09 percent
2023-05-15 22:20:18,(2(0)-1684156818:964393),systemResources.CPU_01,19206,1.05 percent
2023-05-15 22:20:18,(2(0)-1684156818:964407),systemResources.CPU_02,19207,2.11 percent
2023-05-15 22:20:18,(2(0)-1684156818:964419),systemResources.CPU_03,19208,3.33 percent
2023-05-15 22:20:18,(2(0)-1684156818:964432),systemResources.CPU_04,19209,6.12 percent
2023-05-15 22:20:18,(2(0)-1684156818:964444),systemResources.CPU_05,19210,3.16 percent
2023-05-15 22:20:18,(2(0)-1684156818:964456),systemResources.CPU_06,19211,1.04 percent
2023-05-15 22:20:18,(2(0)-1684156818:964468),systemResources.CPU_07,19212,0.00 percent
2023-05-15 22:20:18,(2(0)-1684156818:964469),systemResources.CPU,19204,3.24 percent
2023-05-15 22:20:18,(2(0)-1684156818:964477),systemResources.FRAMEWORK_VERSION,19221,v3.2.0
2023-05-15 22:20:18,(2(0)-1684156818:964478),systemResources.PROJECT_VERSION,19222,v3.2.0
2023-05-15 22:20:20,(2(0)-1684156820:211529),systemResources.CPU_00,19205,9.02 percent
2023-05-15 22:20:20,(2(0)-1684156820:211544),systemResources.CPU_01,19206,4.96 percent
2023-05-15 22:20:20,(2(0)-1684156820:211556),systemResources.CPU_02,19207,3.39 percent
2023-05-15 22:20:20,(2(0)-1684156820:211568),systemResources.CPU_03,19208,3.48 percent
2023-05-15 22:20:20,(2(0)-1684156820:211583),systemResources.CPU_04,19209,4.96 percent
2023-05-15 22:20:20,(2(0)-1684156820:211596),systemResources.CPU_05,19210,4.10 percent
2023-05-15 22:20:20,(2(0)-1684156820:211609),systemResources.CPU_06,19211,5.69 percent
2023-05-15 22:20:20,(2(0)-1684156820:211623),systemResources.CPU_07,19212,2.46 percent
2023-05-15 22:20:20,(2(0)-1684156820:211624),systemResources.CPU,19204,4.76 percent
2023-05-15 22:20:20,(2(0)-1684156820:211633),systemResources.FRAMEWORK_VERSION,19221,v3.2.0
2023-05-15 22:20:20,(2(0)-1684156820:211634),systemResources.PROJECT_VERSION,19222,v3.2.0
2023-05-15 22:20:21,(2(0)-1684156821:432388),blockDrv.BD_Cycles,256,55
2023-05-15 22:20:22,(2(0)-1684156822:524834),blockDrv.BD_Cycles,256,56
2023-05-15 22:20:21,(2(0)-1684156821:432489),systemResources.CPU_00,19205,6.67 percent
2023-05-15 22:20:21,(2(0)-1684156821:432504),systemResources.CPU_01,19206,4.20 percent
2023-05-15 22:20:21,(2(0)-1684156821:432516),systemResources.CPU_02,19207,2.54 percent
2023-05-15 22:20:21,(2(0)-1684156821:432527),systemResources.CPU_03,19208,5.04 percent
2023-05-15 22:20:21,(2(0)-1684156821:432539),systemResources.CPU_04,19209,3.39 percent
2023-05-15 22:20:21,(2(0)-1684156821:432552),systemResources.CPU_05,19210,4.20 percent
2023-05-15 22:20:21,(2(0)-1684156821:432563),systemResources.CPU_06,19211,6.67 percent
2023-05-15 22:20:21,(2(0)-1684156821:432575),systemResources.CPU_07,19212,1.75 percent
2023-05-15 22:20:21,(2(0)-1684156821:432575),systemResources.CPU,19204,4.31 percent
2023-05-15 22:20:21,(2(0)-1684156821:432583),systemResources.FRAMEWORK_VERSION,19221,v3.2.0
2023-05-15 22:20:21,(2(0)-1684156821:432584),systemResources.PROJECT_VERSION,19222,v3.2.0
2023-05-15 22:20:22,(2(0)-1684156822:525056),systemResources.CPU_00,19205,2.75 percent
2023-05-15 22:20:22,(2(0)-1684156822:525075),systemResources.CPU_01,19206,0.93 percent
2023-05-15 22:20:22,(2(0)-1684156822:525091),systemResources.CPU_02,19207,0.93 percent
2023-05-15 22:20:22,(2(0)-1684156822:525108),systemResources.CPU_03,19208,0.93 percent
2023-05-15 22:20:22,(2(0)-1684156822:525127),systemResources.CPU_04,19209,1.83 percent
2023-05-15 22:20:22,(2(0)-1684156822:525144),systemResources.CPU_05,19210,0.92 percent
2023-05-15 22:20:22,(2(0)-1684156822:525159),systemResources.CPU_06,19211,0.93 percent
2023-05-15 22:20:22,(2(0)-1684156822:525174),systemResources.CPU_07,19212,0.92 percent
2023-05-15 22:20:22,(2(0)-1684156822:525175),systemResources.CPU,19204,1.27 percent
2023-05-15 22:20:22,(2(0)-1684156822:525186),systemResources.FRAMEWORK_VERSION,19221,v3.2.0
2023-05-15 22:20:22,(2(0)-1684156822:525188),systemResources.PROJECT_VERSION,19222,v3.2.0
2023-05-15 22:20:23,(2(0)-1684156823:526064),blockDrv.BD_Cycles,256,57
2023-05-15 22:20:24,(2(0)-1684156824:792902),blockDrv.BD_Cycles,256,58
2023-05-15 22:20:23,(2(0)-1684156823:526181),systemResources.CPU_00,19205,2.02 percent
2023-05-15 22:20:23,(2(0)-1684156823:526220),systemResources.CPU_01,19206,3.16 percent
2023-05-15 22:20:23,(2(0)-1684156823:526236),systemResources.CPU_02,19207,2.04 percent
2023-05-15 22:20:23,(2(0)-1684156823:526249),systemResources.CPU_03,19208,6.00 percent
2023-05-15 22:20:23,(2(0)-1684156823:526261),systemResources.CPU_04,19209,1.02 percent
2023-05-15 22:20:23,(2(0)-1684156823:526273),systemResources.CPU_05,19210,3.16 percent
2023-05-15 22:20:23,(2(0)-1684156823:526285),systemResources.CPU_06,19211,1.02 percent
2023-05-15 22:20:23,(2(0)-1684156823:526297),systemResources.CPU_07,19212,1.01 percent
2023-05-15 22:20:23,(2(0)-1684156823:526298),systemResources.CPU,19204,2.43 percent
2023-05-15 22:20:23,(2(0)-1684156823:526308),systemResources.FRAMEWORK_VERSION,19221,v3.2.0
2023-05-15 22:20:23,(2(0)-1684156823:526309),systemResources.PROJECT_VERSION,19222,v3.2.0
2023-05-15 22:20:24,(2(0)-1684156824:793038),systemResources.CPU_00,19205,0.79 percent
2023-05-15 22:20:24,(2(0)-1684156824:793052),systemResources.CPU_01,19206,0.80 percent
2023-05-15 22:20:24,(2(0)-1684156824:793064),systemResources.CPU_02,19207,0.79 percent
2023-05-15 22:20:24,(2(0)-1684156824:793076),systemResources.CPU_03,19208,0.00 percent
2023-05-15 22:20:24,(2(0)-1684156824:793087),systemResources.CPU_04,19209,0.00 percent
2023-05-15 22:20:24,(2(0)-1684156824:793099),systemResources.CPU_05,19210,2.36 percent
2023-05-15 22:20:24,(2(0)-1684156824:793110),systemResources.CPU_06,19211,0.00 percent
2023-05-15 22:20:24,(2(0)-1684156824:793121),systemResources.CPU_07,19212,0.00 percent
2023-05-15 22:20:24,(2(0)-1684156824:793122),systemResources.CPU,19204,0.59 percent
2023-05-15 22:20:24,(2(0)-1684156824:793131),systemResources.FRAMEWORK_VERSION,19221,v3.2.0
2023-05-15 22:20:24,(2(0)-1684156824:793132),systemResources.PROJECT_VERSION,19222,v3.2.0
2023-05-15 22:20:25,(2(0)-1684156825:826042),blockDrv.BD_Cycles,256,59
2023-05-15 22:20:26,(2(0)-1684156826:879895),blockDrv.BD_Cycles,256,60
2023-05-15 22:20:25,(2(0)-1684156825:826328),systemResources.CPU_00,19205,0.00 percent
2023-05-15 22:20:25,(2(0)-1684156825:826343),systemResources.CPU_01,19206,2.94 percent
2023-05-15 22:20:25,(2(0)-1684156825:826355),systemResources.CPU_02,19207,3.03 percent
2023-05-15 22:20:25,(2(0)-1684156825:826366),systemResources.CPU_03,19208,1.04 percent
2023-05-15 22:20:25,(2(0)-1684156825:826378),systemResources.CPU_04,19209,2.04 percent
2023-05-15 22:20:25,(2(0)-1684156825:826390),systemResources.CPU_05,19210,2.00 percent
2023-05-15 22:20:25,(2(0)-1684156825:826401),systemResources.CPU_06,19211,0.98 percent
2023-05-15 22:20:25,(2(0)-1684156825:826412),systemResources.CPU_07,19212,0.00 percent
2023-05-15 22:20:25,(2(0)-1684156825:826413),systemResources.CPU,19204,1.50 percent
2023-05-15 22:20:25,(2(0)-1684156825:826423),systemResources.FRAMEWORK_VERSION,19221,v3.2.0
2023-05-15 22:20:25,(2(0)-1684156825:826424),systemResources.PROJECT_VERSION,19222,v3.2.0
2023-05-15 22:20:27,(2(0)-1684156827:930352),systemResources.CPU_00,19205,2.94 percent
2023-05-15 22:20:27,(2(0)-1684156827:930367),systemResources.CPU_01,19206,1.94 percent
2023-05-15 22:20:27,(2(0)-1684156827:930380),systemResources.CPU_02,19207,1.00 percent
2023-05-15 22:20:27,(2(0)-1684156827:930391),systemResources.CPU_03,19208,2.02 percent
2023-05-15 22:20:27,(2(0)-1684156827:930403),systemResources.CPU_04,19209,1.00 percent
2023-05-15 22:20:27,(2(0)-1684156827:930415),systemResources.CPU_05,19210,0.99 percent
2023-05-15 22:20:27,(2(0)-1684156827:930426),systemResources.CPU_06,19211,2.97 percent
2023-05-15 22:20:27,(2(0)-1684156827:930438),systemResources.CPU_07,19212,2.88 percent
2023-05-15 22:20:27,(2(0)-1684156827:930439),systemResources.CPU,19204,1.97 percent
2023-05-15 22:20:27,(2(0)-1684156827:930445),systemResources.FRAMEWORK_VERSION,19221,v3.2.0
2023-05-15 22:20:27,(2(0)-1684156827:930446),systemResources.PROJECT_VERSION,19222,v3.2.0
2023-05-15 22:20:27,(2(0)-1684156827:930144),blockDrv.BD_Cycles,256,61
2023-05-15 22:20:28,(2(0)-1684156828:930204),blockDrv.BD_Cycles,256,62
2023-05-15 22:20:28,(2(0)-1684156828:930299),systemResources.CPU_00,19205,4.35 percent
2023-05-15 22:20:28,(2(0)-1684156828:930314),systemResources.CPU_01,19206,3.37 percent
2023-05-15 22:20:28,(2(0)-1684156828:930326),systemResources.CPU_02,19207,4.55 percent
2023-05-15 22:20:28,(2(0)-1684156828:930339),systemResources.CPU_03,19208,4.44 percent
2023-05-15 22:20:28,(2(0)-1684156828:930351),systemResources.CPU_04,19209,3.45 percent
2023-05-15 22:20:28,(2(0)-1684156828:930363),systemResources.CPU_05,19210,1.12 percent
2023-05-15 22:20:28,(2(0)-1684156828:930377),systemResources.CPU_06,19211,8.00 percent
2023-05-15 22:20:28,(2(0)-1684156828:930389),systemResources.CPU_07,19212,0.00 percent
2023-05-15 22:20:28,(2(0)-1684156828:930389),systemResources.CPU,19204,3.66 percent
2023-05-15 22:20:28,(2(0)-1684156828:930398),systemResources.FRAMEWORK_VERSION,19221,v3.2.0
2023-05-15 22:20:28,(2(0)-1684156828:930399),systemResources.PROJECT_VERSION,19222,v3.2.0
2023-05-15 22:20:30,(2(0)-1684156830:49846),blockDrv.BD_Cycles,256,63
